Log file open, 01/08/23 12:27:35
LogWindows: Failed to load 'aqProf.dll' (GetLastError=126)
LogWindows: File 'aqProf.dll' does not exist
LogWindows: Failed to load 'VtuneApi.dll' (GetLastError=126)
LogWindows: File 'VtuneApi.dll' does not exist
LogWindows: Failed to load 'VtuneApi32e.dll' (GetLastError=126)
LogWindows: File 'VtuneApi32e.dll' does not exist
LogConsoleResponse: Display: Failed to find resolution value strings in scalability ini. Falling back to default.
LogConsoleResponse: Display: Failed to find resolution value strings in scalability ini. Falling back to default.
LogInit: Display: Running engine for game: TopDownShooter
LogPlatformFile: Not using cached read wrapper
LogTaskGraph: Started task graph with 5 named threads and 35 total threads with 3 sets of task threads.
LogStats: Stats thread started at 0.234246
LogICUInternationalization: ICU TimeZone Detection - Raw Offset: +1:00, Platform Override: ''
LogInit: Display: Loading text-based GConfig....
LogPluginManager: Mounting plugin MeshPainting
LogPluginManager: Mounting plugin XGEController
LogPluginManager: Mounting plugin Paper2D
LogPluginManager: Mounting plugin LiveLink
LogPluginManager: Mounting plugin AISupport
LogPluginManager: Mounting plugin EnvironmentQueryEditor
LogPluginManager: Mounting plugin LightPropagationVolume
LogPluginManager: Mounting plugin CameraShakePreviewer
LogPluginManager: Mounting plugin OodleData
LogPluginManager: Mounting plugin OodleNetwork
LogPluginManager: Mounting plugin GameplayCameras
LogPluginManager: Mounting plugin AnimationSharing
LogPluginManager: Mounting plugin CLionSourceCodeAccess
LogPluginManager: Mounting plugin CodeLiteSourceCodeAccess
LogPluginManager: Mounting plugin GitSourceControl
LogPluginManager: Mounting plugin KDevelopSourceCodeAccess
LogPluginManager: Mounting plugin NullSourceCodeAccess
LogPluginManager: Mounting plugin PerforceSourceControl
LogPluginManager: Mounting plugin PixWinPlugin
LogPluginManager: Mounting plugin PlasticSourceControl
LogPluginManager: Mounting plugin PluginUtils
LogPluginManager: Mounting plugin PropertyAccessNode
LogPluginManager: Mounting plugin RiderSourceCodeAccess
LogPluginManager: Mounting plugin SubversionSourceControl
LogPluginManager: Mounting plugin TextureFormatOodle
LogPluginManager: Mounting plugin UObjectPlugin
LogPluginManager: Mounting plugin VisualStudioCodeSourceCodeAccess
LogPluginManager: Mounting plugin XCodeSourceCodeAccess
LogPluginManager: Mounting plugin VisualStudioSourceCodeAccess
LogPluginManager: Mounting plugin DatasmithContent
LogPluginManager: Mounting plugin AssetManagerEditor
LogPluginManager: Mounting plugin AlembicImporter
LogPluginManager: Mounting plugin AutomationUtils
LogPluginManager: Mounting plugin BackChannel
LogPluginManager: Mounting plugin ChaosCloth
LogPluginManager: Mounting plugin ChaosClothEditor
LogPluginManager: Mounting plugin ChaosEditor
LogPluginManager: Mounting plugin ChaosNiagara
LogPluginManager: Mounting plugin ChaosSolverPlugin
LogPluginManager: Mounting plugin VariantManagerContent
LogPluginManager: Mounting plugin Niagara
LogPluginManager: Mounting plugin CharacterAI
LogPluginManager: Mounting plugin CryptoKeys
LogPluginManager: Mounting plugin CurveEditorTools
LogPluginManager: Mounting plugin DataValidation
LogPluginManager: Mounting plugin FacialAnimation
LogPluginManager: Mounting plugin GameplayTagsEditor
LogPluginManager: Mounting plugin GeometryMode
LogPluginManager: Mounting plugin MacGraphicsSwitching
LogPluginManager: Mounting plugin GeometryCache
LogPluginManager: Mounting plugin MaterialAnalyzer
LogPluginManager: Mounting plugin GeometryCollectionPlugin
LogPluginManager: Mounting plugin MobileLauncherProfileWizard
LogPluginManager: Mounting plugin PluginBrowser
LogPluginManager: Mounting plugin SpeedTreeImporter
LogPluginManager: Mounting plugin LuminPlatformFeatures
LogPluginManager: Mounting plugin MagicLeap
LogPluginManager: Mounting plugin MagicLeapLightEstimation
LogPluginManager: Mounting plugin MagicLeapMedia
LogPluginManager: Mounting plugin MagicLeapPassableWorld
LogPluginManager: Mounting plugin MLSDK
LogPluginManager: Mounting plugin GeometryProcessing
LogPluginManager: Mounting plugin MotoSynth
LogPluginManager: Mounting plugin OpenImageDenoise
LogPluginManager: Mounting plugin PlanarCut
LogPluginManager: Mounting plugin PlatformCrypto
LogPluginManager: Mounting plugin ProxyLODPlugin
LogPluginManager: Mounting plugin PythonScriptPlugin
LogPluginManager: Mounting plugin SkeletalReduction
LogPluginManager: Mounting plugin AndroidMedia
LogPluginManager: Mounting plugin AvfMedia
LogPluginManager: Mounting plugin ImgMedia
LogPluginManager: Mounting plugin MediaCompositing
LogPluginManager: Mounting plugin MediaPlayerEditor
LogPluginManager: Mounting plugin WebMMedia
LogPluginManager: Mounting plugin WmfMedia
LogPluginManager: Mounting plugin TcpMessaging
LogPluginManager: Mounting plugin UdpMessaging
LogPluginManager: Mounting plugin ActorSequence
LogPluginManager: Mounting plugin LevelSequenceEditor
LogPluginManager: Mounting plugin MatineeToLevelSequence
LogPluginManager: Mounting plugin TemplateSequence
LogPluginManager: Mounting plugin OnlineSubsystem
LogPluginManager: Mounting plugin OnlineSubsystemNull
LogPluginManager: Mounting plugin OnlineSubsystemUtils
LogPluginManager: Mounting plugin LauncherChunkInstaller
LogPluginManager: Mounting plugin ActorLayerUtilities
LogPluginManager: Mounting plugin AndroidDeviceProfileSelector
LogPluginManager: Mounting plugin AndroidMoviePlayer
LogPluginManager: Mounting plugin AndroidPermission
LogPluginManager: Mounting plugin AppleMoviePlayer
LogPluginManager: Mounting plugin AppleImageUtils
LogPluginManager: Mounting plugin ArchVisCharacter
LogPluginManager: Mounting plugin AssetTags
LogPluginManager: Mounting plugin AudioCapture
LogPluginManager: Mounting plugin AudioSynesthesia
LogPluginManager: Mounting plugin CableComponent
LogPluginManager: Mounting plugin ChunkDownloader
LogPluginManager: Mounting plugin CustomMeshComponent
LogPluginManager: Mounting plugin EditableMesh
LogPluginManager: Mounting plugin ExampleDeviceProfileSelector
LogPluginManager: Mounting plugin GoogleCloudMessaging
LogPluginManager: Mounting plugin GooglePAD
LogPluginManager: Mounting plugin IOSDeviceProfileSelector
LogPluginManager: Mounting plugin LinuxDeviceProfileSelector
LogPluginManager: Mounting plugin LocationServicesBPLibrary
LogPluginManager: Mounting plugin MobilePatchingUtils
LogPluginManager: Mounting plugin OpenXR
LogPluginManager: Mounting plugin OpenXRHandTracking
LogPluginManager: Mounting plugin OpenXREyeTracker
LogPluginManager: Mounting plugin PhysXVehicles
LogPluginManager: Mounting plugin PostSplashScreen
LogPluginManager: Mounting plugin ProceduralMeshComponent
LogPluginManager: Mounting plugin PropertyAccessEditor
LogPluginManager: Mounting plugin RuntimePhysXCooking
LogPluginManager: Mounting plugin SignificanceManager
LogPluginManager: Mounting plugin SoundFields
LogPluginManager: Mounting plugin Synthesis
LogPluginManager: Mounting plugin WebMMoviePlayer
LogPluginManager: Mounting plugin WindowsMoviePlayer
LogPluginManager: Mounting plugin ScreenshotTools
LogPluginManager: Mounting plugin Takes
LogPluginManager: Mounting plugin ContentBrowserAssetDataSource
LogPluginManager: Mounting plugin ContentBrowserClassDataSource
LogPluginManager: Mounting plugin ContentBrowserFileDataSource
LogPluginManager: Mounting plugin OnlineSubsystemGooglePlay
LogPluginManager: Mounting plugin OnlineSubsystemIOS
LogPluginManager: Mounting plugin OculusVR
LogPluginManager: Mounting plugin SteamVR
PixWinPlugin: PIX capture plugin failed to initialize! Check that the process is launched from PIX.
LogInit: Using libcurl 7.55.1-DEV
LogInit:  - built for x86_64-pc-win32
LogInit:  - supports SSL with OpenSSL/1.1.1
LogInit:  - supports HTTP deflate (compression) using libz 1.2.8
LogInit:  - other features:
LogInit:      CURL_VERSION_SSL
LogInit:      CURL_VERSION_LIBZ
LogInit:      CURL_VERSION_IPV6
LogInit:      CURL_VERSION_ASYNCHDNS
LogInit:      CURL_VERSION_LARGEFILE
LogInit:      CURL_VERSION_IDN
LogInit:  CurlRequestOptions (configurable via config and command line):
LogInit:  - bVerifyPeer = true  - Libcurl will verify peer certificate
LogInit:  - bUseHttpProxy = false  - Libcurl will NOT use HTTP proxy
LogInit:  - bDontReuseConnections = false  - Libcurl will reuse connections
LogInit:  - MaxHostConnections = 16  - Libcurl will limit the number of connections to a host
LogInit:  - LocalHostAddr = Default
LogInit:  - BufferSize = 65536
LogOnline: OSS: Creating online subsystem instance for: NULL
LogInit: WinSock: version 1.1 (2.2), MaxSocks=32767, MaxUdp=65467
LogOnline: OSS: TryLoadSubsystemAndSetDefault: Loaded subsystem for module [NULL]
LogOculusPluginWrapper: OculusPlugin initialized successfully
LogHMD: Failed initializing OVRPlugin 1.59.0
LogInit: Build: ++UE4+Release-4.27-CL-18319896
LogInit: Engine Version: 4.27.2-18319896+++UE4+Release-4.27
LogInit: Compatible Engine Version: 4.27.0-17155196+++UE4+Release-4.27
LogInit: Net CL: 17155196
LogInit: OS: Windows 10 (Release 2009) (), CPU: AMD Ryzen 5 3600 6-Core Processor              , GPU: Radeon RX 580 Series
LogInit: Compiled (64-bit): Nov 30 2021 07:12:08
LogInit: Compiled with Visual C++: 19.24.28315.00
LogInit: Build Configuration: Development
LogInit: Branch Name: ++UE4+Release-4.27
LogInit: Command Line:  -skipcompile
LogInit: Base Directory: E:/UE_4.27/Engine/Binaries/Win64/
LogInit: Allocator: TBB
LogInit: Installed Engine Build: 1
LogDevObjectVersion: Number of dev versions registered: 29
LogDevObjectVersion:   Dev-Blueprints (B0D832E4-1F89-4F0D-ACCF-7EB736FD4AA2): 10
LogDevObjectVersion:   Dev-Build (E1C64328-A22C-4D53-A36C-8E866417BD8C): 0
LogDevObjectVersion:   Dev-Core (375EC13C-06E4-48FB-B500-84F0262A717E): 4
LogDevObjectVersion:   Dev-Editor (E4B068ED-F494-42E9-A231-DA0B2E46BB41): 40
LogDevObjectVersion:   Dev-Framework (CFFC743F-43B0-4480-9391-14DF171D2073): 37
LogDevObjectVersion:   Dev-Mobile (B02B49B5-BB20-44E9-A304-32B752E40360): 3
LogDevObjectVersion:   Dev-Networking (A4E4105C-59A1-49B5-A7C5-40C4547EDFEE): 0
LogDevObjectVersion:   Dev-Online (39C831C9-5AE6-47DC-9A44-9C173E1C8E7C): 0
LogDevObjectVersion:   Dev-Physics (78F01B33-EBEA-4F98-B9B4-84EACCB95AA2): 14
LogDevObjectVersion:   Dev-Platform (6631380F-2D4D-43E0-8009-CF276956A95A): 0
LogDevObjectVersion:   Dev-Rendering (12F88B9F-8875-4AFC-A67C-D90C383ABD29): 45
LogDevObjectVersion:   Dev-Sequencer (7B5AE74C-D270-4C10-A958-57980B212A5A): 13
LogDevObjectVersion:   Dev-VR (D7296918-1DD6-4BDD-9DE2-64A83CC13884): 3
LogDevObjectVersion:   Dev-LoadTimes (C2A15278-BFE7-4AFE-6C17-90FF531DF755): 1
LogDevObjectVersion:   Private-Geometry (6EACA3D4-40EC-4CC1-B786-8BED09428FC5): 3
LogDevObjectVersion:   Dev-AnimPhys (29E575DD-E0A3-4627-9D10-D276232CDCEA): 17
LogDevObjectVersion:   Dev-Anim (AF43A65D-7FD3-4947-9873-3E8ED9C1BB05): 15
LogDevObjectVersion:   Dev-ReflectionCapture (6B266CEC-1EC7-4B8F-A30B-E4D90942FC07): 1
LogDevObjectVersion:   Dev-Automation (0DF73D61-A23F-47EA-B727-89E90C41499A): 1
LogDevObjectVersion:   FortniteMain (601D1886-AC64-4F84-AA16-D3DE0DEAC7D6): 47
LogDevObjectVersion:   FortniteRelease (E7086368-6B23-4C58-8439-1B7016265E91): 1
LogDevObjectVersion:   Dev-Enterprise (9DFFBCD6-494F-0158-E221-12823C92A888): 10
LogDevObjectVersion:   Dev-Niagara (F2AED0AC-9AFE-416F-8664-AA7FFA26D6FC): 1
LogDevObjectVersion:   Dev-Destruction (174F1F0B-B4C6-45A5-B13F-2EE8D0FB917D): 10
LogDevObjectVersion:   Dev-Physics-Ext (35F94A83-E258-406C-A318-09F59610247C): 41
LogDevObjectVersion:   Dev-PhysicsMaterial-Chaos (B68FC16E-8B1B-42E2-B453-215C058844FE): 1
LogDevObjectVersion:   Dev-CineCamera (B2E18506-4273-CFC2-A54E-F4BB758BBA07): 1
LogDevObjectVersion:   Dev-VirtualProduction (64F58936-FD1B-42BA-BA96-7289D5D0FA4E): 1
LogDevObjectVersion:   Dev-MediaFramework (6F0ED827-A609-4895-9C91-998D90180EA4): 2
LogInit: Presizing for max 25165824 objects, including 0 objects not considered by GC, pre-allocating 0 bytes for permanent pool.
LogConfig: Applying CVar settings from Section [/Script/Engine.StreamingSettings] File [E:/Projects/Snake/TopDown/Top-Down-Shooter/TopDownShooter/Saved/Config/Windows/Engine.ini]
LogConfig: Setting CVar [[s.MinBulkDataSizeForAsyncLoading:131072]]
LogConfig: Setting CVar [[s.AsyncLoadingThreadEnabled:0]]
LogConfig: Setting CVar [[s.EventDrivenLoaderEnabled:1]]
LogConfig: Setting CVar [[s.WarnIfTimeLimitExceeded:0]]
LogConfig: Setting CVar [[s.TimeLimitExceededMultiplier:1.5]]
LogConfig: Setting CVar [[s.TimeLimitExceededMinTime:0.005]]
LogConfig: Setting CVar [[s.UseBackgroundLevelStreaming:1]]
LogConfig: Setting CVar [[s.PriorityAsyncLoadingExtraTime:15.0]]
LogConfig: Setting CVar [[s.LevelStreamingActorsUpdateTimeLimit:5.0]]
LogConfig: Setting CVar [[s.PriorityLevelStreamingActorsUpdateExtraTime:5.0]]
LogConfig: Setting CVar [[s.LevelStreamingComponentsRegistrationGranularity:10]]
LogConfig: Setting CVar [[s.UnregisterComponentsTimeLimit:1.0]]
LogConfig: Setting CVar [[s.LevelStreamingComponentsUnregistrationGranularity:5]]
LogConfig: Setting CVar [[s.FlushStreamingOnExit:1]]
LogInit: Object subsystem initialized
LogConfig: Setting CVar [[con.DebugEarlyDefault:1]]
LogConfig: Setting CVar [[r.setres:1280x720]]
[2023.01.08-11.27.36:370][  0]LogConfig: Setting CVar [[r.VSync:0]]
[2023.01.08-11.27.36:370][  0]LogConfig: Setting CVar [[r.RHICmdBypass:0]]
[2023.01.08-11.27.36:370][  0]LogConfig: Applying CVar settings from Section [/Script/Engine.RendererSettings] File [E:/Projects/Snake/TopDown/Top-Down-Shooter/TopDownShooter/Saved/Config/Windows/Engine.ini]
[2023.01.08-11.27.36:370][  0]LogConfig: Setting CVar [[r.GPUCrashDebugging:0]]
[2023.01.08-11.27.36:370][  0]LogConfig: Applying CVar settings from Section [/Script/Engine.RendererOverrideSettings] File [E:/Projects/Snake/TopDown/Top-Down-Shooter/TopDownShooter/Saved/Config/Windows/Engine.ini]
[2023.01.08-11.27.36:370][  0]LogConfig: Applying CVar settings from Section [/Script/Engine.StreamingSettings] File [E:/Projects/Snake/TopDown/Top-Down-Shooter/TopDownShooter/Saved/Config/Windows/Engine.ini]
[2023.01.08-11.27.36:370][  0]LogConfig: Setting CVar [[s.MinBulkDataSizeForAsyncLoading:131072]]
[2023.01.08-11.27.36:370][  0]LogConfig: Setting CVar [[s.AsyncLoadingThreadEnabled:0]]
[2023.01.08-11.27.36:370][  0]LogConfig: Setting CVar [[s.EventDrivenLoaderEnabled:1]]
[2023.01.08-11.27.36:371][  0]LogConfig: Setting CVar [[s.WarnIfTimeLimitExceeded:0]]
[2023.01.08-11.27.36:371][  0]LogConfig: Setting CVar [[s.TimeLimitExceededMultiplier:1.5]]
[2023.01.08-11.27.36:371][  0]LogConfig: Setting CVar [[s.TimeLimitExceededMinTime:0.005]]
[2023.01.08-11.27.36:371][  0]LogConfig: Setting CVar [[s.UseBackgroundLevelStreaming:1]]
[2023.01.08-11.27.36:371][  0]LogConfig: Setting CVar [[s.PriorityAsyncLoadingExtraTime:15.0]]
[2023.01.08-11.27.36:371][  0]LogConfig: Setting CVar [[s.LevelStreamingActorsUpdateTimeLimit:5.0]]
[2023.01.08-11.27.36:371][  0]LogConfig: Setting CVar [[s.PriorityLevelStreamingActorsUpdateExtraTime:5.0]]
[2023.01.08-11.27.36:371][  0]LogConfig: Setting CVar [[s.LevelStreamingComponentsRegistrationGranularity:10]]
[2023.01.08-11.27.36:371][  0]LogConfig: Setting CVar [[s.UnregisterComponentsTimeLimit:1.0]]
[2023.01.08-11.27.36:371][  0]LogConfig: Setting CVar [[s.LevelStreamingComponentsUnregistrationGranularity:5]]
[2023.01.08-11.27.36:371][  0]LogConfig: Setting CVar [[s.FlushStreamingOnExit:1]]
[2023.01.08-11.27.36:371][  0]LogConfig: Applying CVar settings from Section [/Script/Engine.GarbageCollectionSettings] File [E:/Projects/Snake/TopDown/Top-Down-Shooter/TopDownShooter/Saved/Config/Windows/Engine.ini]
[2023.01.08-11.27.36:372][  0]LogConfig: Setting CVar [[gc.MaxObjectsNotConsideredByGC:1]]
[2023.01.08-11.27.36:372][  0]LogConfig: Setting CVar [[gc.SizeOfPermanentObjectPool:0]]
[2023.01.08-11.27.36:372][  0]LogConfig: Setting CVar [[gc.FlushStreamingOnGC:0]]
[2023.01.08-11.27.36:372][  0]LogConfig: Setting CVar [[gc.NumRetriesBeforeForcingGC:10]]
[2023.01.08-11.27.36:372][  0]LogConfig: Setting CVar [[gc.AllowParallelGC:1]]
[2023.01.08-11.27.36:372][  0]LogConfig: Setting CVar [[gc.TimeBetweenPurgingPendingKillObjects:61.1]]
[2023.01.08-11.27.36:372][  0]LogConfig: Setting CVar [[gc.MaxObjectsInEditor:25165824]]
[2023.01.08-11.27.36:372][  0]LogConfig: Setting CVar [[gc.IncrementalBeginDestroyEnabled:1]]
[2023.01.08-11.27.36:372][  0]LogConfig: Setting CVar [[gc.CreateGCClusters:1]]
[2023.01.08-11.27.36:372][  0]LogConfig: Setting CVar [[gc.MinGCClusterSize:5]]
[2023.01.08-11.27.36:372][  0]LogConfig: Setting CVar [[gc.ActorClusteringEnabled:0]]
[2023.01.08-11.27.36:372][  0]LogConfig: Setting CVar [[gc.BlueprintClusteringEnabled:0]]
[2023.01.08-11.27.36:372][  0]LogConfig: Setting CVar [[gc.UseDisregardForGCOnDedicatedServers:0]]
[2023.01.08-11.27.36:372][  0]LogConfig: Setting CVar [[gc.MultithreadedDestructionEnabled:1]]
[2023.01.08-11.27.36:373][  0]LogConfig: Applying CVar settings from Section [/Script/Engine.NetworkSettings] File [E:/Projects/Snake/TopDown/Top-Down-Shooter/TopDownShooter/Saved/Config/Windows/Engine.ini]
[2023.01.08-11.27.36:373][  0]LogConfig: Applying CVar settings from Section [/Script/UnrealEd.CookerSettings] File [E:/Projects/Snake/TopDown/Top-Down-Shooter/TopDownShooter/Saved/Config/Windows/Engine.ini]
[2023.01.08-11.27.36:385][  0]LogConfig: Applying CVar settings from Section [ViewDistanceQuality@3] File [E:/Projects/Snake/TopDown/Top-Down-Shooter/TopDownShooter/Saved/Config/Windows/Scalability.ini]
[2023.01.08-11.27.36:385][  0]LogConfig: Setting CVar [[r.SkeletalMeshLODBias:0]]
[2023.01.08-11.27.36:385][  0]LogConfig: Setting CVar [[r.ViewDistanceScale:1.0]]
[2023.01.08-11.27.36:385][  0]LogConfig: Applying CVar settings from Section [AntiAliasingQuality@3] File [E:/Projects/Snake/TopDown/Top-Down-Shooter/TopDownShooter/Saved/Config/Windows/Scalability.ini]
[2023.01.08-11.27.36:386][  0]LogConfig: Setting CVar [[r.PostProcessAAQuality:4]]
[2023.01.08-11.27.36:386][  0]LogConfig: Applying CVar settings from Section [ShadowQuality@3] File [E:/Projects/Snake/TopDown/Top-Down-Shooter/TopDownShooter/Saved/Config/Windows/Scalability.ini]
[2023.01.08-11.27.36:386][  0]LogConfig: Setting CVar [[r.LightFunctionQuality:1]]
[2023.01.08-11.27.36:386][  0]LogConfig: Setting CVar [[r.ShadowQuality:5]]
[2023.01.08-11.27.36:386][  0]LogConfig: Setting CVar [[r.Shadow.CSM.MaxCascades:10]]
[2023.01.08-11.27.36:386][  0]LogConfig: Setting CVar [[r.Shadow.MaxResolution:2048]]
[2023.01.08-11.27.36:386][  0]LogConfig: Setting CVar [[r.Shadow.MaxCSMResolution:2048]]
[2023.01.08-11.27.36:386][  0]LogConfig: Setting CVar [[r.Shadow.RadiusThreshold:0.01]]
[2023.01.08-11.27.36:386][  0]LogConfig: Setting CVar [[r.Shadow.DistanceScale:1.0]]
[2023.01.08-11.27.36:386][  0]LogConfig: Setting CVar [[r.Shadow.CSM.TransitionScale:1.0]]
[2023.01.08-11.27.36:386][  0]LogConfig: Setting CVar [[r.Shadow.PreShadowResolutionFactor:1.0]]
[2023.01.08-11.27.36:386][  0]LogConfig: Setting CVar [[r.DistanceFieldShadowing:1]]
[2023.01.08-11.27.36:387][  0]LogConfig: Setting CVar [[r.DistanceFieldAO:1]]
[2023.01.08-11.27.36:387][  0]LogConfig: Setting CVar [[r.AOQuality:2]]
[2023.01.08-11.27.36:387][  0]LogConfig: Setting CVar [[r.VolumetricFog:1]]
[2023.01.08-11.27.36:387][  0]LogConfig: Setting CVar [[r.VolumetricFog.GridPixelSize:8]]
[2023.01.08-11.27.36:387][  0]LogConfig: Setting CVar [[r.VolumetricFog.GridSizeZ:128]]
[2023.01.08-11.27.36:387][  0]LogConfig: Setting CVar [[r.VolumetricFog.HistoryMissSupersampleCount:4]]
[2023.01.08-11.27.36:387][  0]LogConfig: Setting CVar [[r.LightMaxDrawDistanceScale:1]]
[2023.01.08-11.27.36:387][  0]LogConfig: Setting CVar [[r.CapsuleShadows:1]]
[2023.01.08-11.27.36:387][  0]LogConfig: Applying CVar settings from Section [PostProcessQuality@3] File [E:/Projects/Snake/TopDown/Top-Down-Shooter/TopDownShooter/Saved/Config/Windows/Scalability.ini]
[2023.01.08-11.27.36:387][  0]LogConfig: Setting CVar [[r.MotionBlurQuality:4]]
[2023.01.08-11.27.36:387][  0]LogConfig: Setting CVar [[r.AmbientOcclusionMipLevelFactor:0.4]]
[2023.01.08-11.27.36:387][  0]LogConfig: Setting CVar [[r.AmbientOcclusionMaxQuality:100]]
[2023.01.08-11.27.36:387][  0]LogConfig: Setting CVar [[r.AmbientOcclusionLevels:-1]]
[2023.01.08-11.27.36:387][  0]LogConfig: Setting CVar [[r.AmbientOcclusionRadiusScale:1.0]]
[2023.01.08-11.27.36:388][  0]LogConfig: Setting CVar [[r.DepthOfFieldQuality:2]]
[2023.01.08-11.27.36:388][  0]LogConfig: Setting CVar [[r.RenderTargetPoolMin:400]]
[2023.01.08-11.27.36:388][  0]LogConfig: Setting CVar [[r.LensFlareQuality:2]]
[2023.01.08-11.27.36:388][  0]LogConfig: Setting CVar [[r.SceneColorFringeQuality:1]]
[2023.01.08-11.27.36:388][  0]LogConfig: Setting CVar [[r.EyeAdaptationQuality:2]]
[2023.01.08-11.27.36:388][  0]LogConfig: Setting CVar [[r.BloomQuality:5]]
[2023.01.08-11.27.36:388][  0]LogConfig: Setting CVar [[r.FastBlurThreshold:100]]
[2023.01.08-11.27.36:388][  0]LogConfig: Setting CVar [[r.Upscale.Quality:3]]
[2023.01.08-11.27.36:388][  0]LogConfig: Setting CVar [[r.Tonemapper.GrainQuantization:1]]
[2023.01.08-11.27.36:388][  0]LogConfig: Setting CVar [[r.LightShaftQuality:1]]
[2023.01.08-11.27.36:388][  0]LogConfig: Setting CVar [[r.Filter.SizeScale:1]]
[2023.01.08-11.27.36:388][  0]LogConfig: Setting CVar [[r.Tonemapper.Quality:5]]
[2023.01.08-11.27.36:388][  0]LogConfig: Setting CVar [[r.DOF.Gather.AccumulatorQuality:1        ; higher gathering accumulator quality]]
[2023.01.08-11.27.36:388][  0]LogConfig: Setting CVar [[r.DOF.Gather.PostfilterMethod:1          ; Median3x3 postfilering method]]
[2023.01.08-11.27.36:389][  0]LogConfig: Setting CVar [[r.DOF.Gather.EnableBokehSettings:0       ; no bokeh simulation when gathering]]
[2023.01.08-11.27.36:389][  0]LogConfig: Setting CVar [[r.DOF.Gather.RingCount:4                 ; medium number of samples when gathering]]
[2023.01.08-11.27.36:389][  0]LogConfig: Setting CVar [[r.DOF.Scatter.ForegroundCompositing:1    ; additive foreground scattering]]
[2023.01.08-11.27.36:389][  0]LogConfig: Setting CVar [[r.DOF.Scatter.BackgroundCompositing:2    ; additive background scattering]]
[2023.01.08-11.27.36:389][  0]LogConfig: Setting CVar [[r.DOF.Scatter.EnableBokehSettings:1      ; bokeh simulation when scattering]]
[2023.01.08-11.27.36:389][  0]LogConfig: Setting CVar [[r.DOF.Scatter.MaxSpriteRatio:0.1         ; only a maximum of 10% of scattered bokeh]]
[2023.01.08-11.27.36:389][  0]LogConfig: Setting CVar [[r.DOF.Recombine.Quality:1                ; cheap slight out of focus]]
[2023.01.08-11.27.36:389][  0]LogConfig: Setting CVar [[r.DOF.Recombine.EnableBokehSettings:0    ; no bokeh simulation on slight out of focus]]
[2023.01.08-11.27.36:389][  0]LogConfig: Setting CVar [[r.DOF.TemporalAAQuality:1                ; more stable temporal accumulation]]
[2023.01.08-11.27.36:389][  0]LogConfig: Setting CVar [[r.DOF.Kernel.MaxForegroundRadius:0.025]]
[2023.01.08-11.27.36:389][  0]LogConfig: Setting CVar [[r.DOF.Kernel.MaxBackgroundRadius:0.025]]
[2023.01.08-11.27.36:389][  0]LogConfig: Applying CVar settings from Section [TextureQuality@3] File [E:/Projects/Snake/TopDown/Top-Down-Shooter/TopDownShooter/Saved/Config/Windows/Scalability.ini]
[2023.01.08-11.27.36:389][  0]LogConfig: Setting CVar [[r.Streaming.MipBias:0]]
[2023.01.08-11.27.36:389][  0]LogConfig: Setting CVar [[r.Streaming.AmortizeCPUToGPUCopy:0]]
[2023.01.08-11.27.36:390][  0]LogConfig: Setting CVar [[r.Streaming.MaxNumTexturesToStreamPerFrame:0]]
[2023.01.08-11.27.36:390][  0]LogConfig: Setting CVar [[r.Streaming.Boost:1]]
[2023.01.08-11.27.36:390][  0]LogConfig: Setting CVar [[r.MaxAnisotropy:8]]
[2023.01.08-11.27.36:390][  0]LogConfig: Setting CVar [[r.VT.MaxAnisotropy:8]]
[2023.01.08-11.27.36:390][  0]LogConfig: Setting CVar [[r.Streaming.LimitPoolSizeToVRAM:0]]
[2023.01.08-11.27.36:390][  0]LogConfig: Setting CVar [[r.Streaming.PoolSize:1000]]
[2023.01.08-11.27.36:390][  0]LogConfig: Setting CVar [[r.Streaming.MaxEffectiveScreenSize:0]]
[2023.01.08-11.27.36:390][  0]LogConfig: Applying CVar settings from Section [EffectsQuality@3] File [E:/Projects/Snake/TopDown/Top-Down-Shooter/TopDownShooter/Saved/Config/Windows/Scalability.ini]
[2023.01.08-11.27.36:390][  0]LogConfig: Setting CVar [[r.TranslucencyLightingVolumeDim:64]]
[2023.01.08-11.27.36:390][  0]LogConfig: Setting CVar [[r.RefractionQuality:2]]
[2023.01.08-11.27.36:390][  0]LogConfig: Setting CVar [[r.SSR.Quality:3]]
[2023.01.08-11.27.36:390][  0]LogConfig: Setting CVar [[r.SSR.HalfResSceneColor:0]]
[2023.01.08-11.27.36:390][  0]LogConfig: Setting CVar [[r.SceneColorFormat:4]]
[2023.01.08-11.27.36:390][  0]LogConfig: Setting CVar [[r.DetailMode:2]]
[2023.01.08-11.27.36:391][  0]LogConfig: Setting CVar [[r.TranslucencyVolumeBlur:1]]
[2023.01.08-11.27.36:391][  0]LogConfig: Setting CVar [[r.MaterialQualityLevel:1 ; High quality]]
[2023.01.08-11.27.36:391][  0]LogConfig: Setting CVar [[r.AnisotropicMaterials:1]]
[2023.01.08-11.27.36:391][  0]LogConfig: Setting CVar [[r.SSS.Scale:1]]
[2023.01.08-11.27.36:391][  0]LogConfig: Setting CVar [[r.SSS.SampleSet:2]]
[2023.01.08-11.27.36:391][  0]LogConfig: Setting CVar [[r.SSS.Quality:1]]
[2023.01.08-11.27.36:391][  0]LogConfig: Setting CVar [[r.SSS.HalfRes:0]]
[2023.01.08-11.27.36:391][  0]LogConfig: Setting CVar [[r.SSGI.Quality:3]]
[2023.01.08-11.27.36:391][  0]LogConfig: Setting CVar [[r.EmitterSpawnRateScale:1.0]]
[2023.01.08-11.27.36:391][  0]LogConfig: Setting CVar [[r.ParticleLightQuality:2]]
[2023.01.08-11.27.36:391][  0]LogConfig: Setting CVar [[r.SkyAtmosphere.AerialPerspectiveLUT.FastApplyOnOpaque:1 ; Always have FastSkyLUT 1 in this case to avoid wrong sky]]
[2023.01.08-11.27.36:391][  0]LogConfig: Setting CVar [[r.SkyAtmosphere.AerialPerspectiveLUT.SampleCountMaxPerSlice:4]]
[2023.01.08-11.27.36:391][  0]LogConfig: Setting CVar [[r.SkyAtmosphere.AerialPerspectiveLUT.DepthResolution:16.0]]
[2023.01.08-11.27.36:391][  0]LogConfig: Setting CVar [[r.SkyAtmosphere.FastSkyLUT:1]]
[2023.01.08-11.27.36:391][  0]LogConfig: Setting CVar [[r.SkyAtmosphere.FastSkyLUT.SampleCountMin:4.0]]
[2023.01.08-11.27.36:392][  0]LogConfig: Setting CVar [[r.SkyAtmosphere.FastSkyLUT.SampleCountMax:128.0]]
[2023.01.08-11.27.36:392][  0]LogConfig: Setting CVar [[r.SkyAtmosphere.SampleCountMin:4.0]]
[2023.01.08-11.27.36:392][  0]LogConfig: Setting CVar [[r.SkyAtmosphere.SampleCountMax:128.0]]
[2023.01.08-11.27.36:392][  0]LogConfig: Setting CVar [[r.SkyAtmosphere.TransmittanceLUT.UseSmallFormat:0]]
[2023.01.08-11.27.36:392][  0]LogConfig: Setting CVar [[r.SkyAtmosphere.TransmittanceLUT.SampleCount:10.0]]
[2023.01.08-11.27.36:392][  0]LogConfig: Setting CVar [[r.SkyAtmosphere.MultiScatteringLUT.SampleCount:15.0]]
[2023.01.08-11.27.36:392][  0]LogConfig: Setting CVar [[r.SkyLight.RealTimeReflectionCapture:1]]
[2023.01.08-11.27.36:392][  0]LogConfig: Applying CVar settings from Section [FoliageQuality@3] File [E:/Projects/Snake/TopDown/Top-Down-Shooter/TopDownShooter/Saved/Config/Windows/Scalability.ini]
[2023.01.08-11.27.36:392][  0]LogConfig: Setting CVar [[foliage.DensityScale:1.0]]
[2023.01.08-11.27.36:392][  0]LogConfig: Setting CVar [[grass.DensityScale:1.0]]
[2023.01.08-11.27.36:392][  0]LogConfig: Applying CVar settings from Section [ShadingQuality@3] File [E:/Projects/Snake/TopDown/Top-Down-Shooter/TopDownShooter/Saved/Config/Windows/Scalability.ini]
[2023.01.08-11.27.36:392][  0]LogConfig: Setting CVar [[r.HairStrands.SkyLighting.IntegrationType:2]]
[2023.01.08-11.27.36:392][  0]LogConfig: Setting CVar [[r.HairStrands.SkyAO.SampleCount:4]]
[2023.01.08-11.27.36:393][  0]LogConfig: Setting CVar [[r.HairStrands.Visibility.MSAA.SamplePerPixel:4]]
[2023.01.08-11.27.36:393][  0]LogInit: Selected Device Profile: [Windows]
[2023.01.08-11.27.36:393][  0]LogInit: Applying CVar settings loaded from the selected device profile: [Windows]
[2023.01.08-11.27.36:393][  0]LogHAL: Display: Platform has ~ 48 GB [51440300032 / 68719476736 / 48], which maps to Largest [LargestMinGB=32, LargerMinGB=12, DefaultMinGB=8, SmallerMinGB=6, SmallestMinGB=0)
[2023.01.08-11.27.36:393][  0]LogInit: Going up to parent DeviceProfile []
[2023.01.08-11.27.36:393][  0]LogConfig: Applying CVar settings from Section [ViewDistanceQuality@3] File [E:/Projects/Snake/TopDown/Top-Down-Shooter/TopDownShooter/Saved/Config/Windows/Scalability.ini]
[2023.01.08-11.27.36:393][  0]LogConfig: Setting CVar [[r.SkeletalMeshLODBias:0]]
[2023.01.08-11.27.36:393][  0]LogConfig: Setting CVar [[r.ViewDistanceScale:1.0]]
[2023.01.08-11.27.36:393][  0]LogConfig: Applying CVar settings from Section [AntiAliasingQuality@3] File [E:/Projects/Snake/TopDown/Top-Down-Shooter/TopDownShooter/Saved/Config/Windows/Scalability.ini]
[2023.01.08-11.27.36:393][  0]LogConfig: Setting CVar [[r.PostProcessAAQuality:4]]
[2023.01.08-11.27.36:393][  0]LogConfig: Applying CVar settings from Section [ShadowQuality@3] File [E:/Projects/Snake/TopDown/Top-Down-Shooter/TopDownShooter/Saved/Config/Windows/Scalability.ini]
[2023.01.08-11.27.36:393][  0]LogConfig: Setting CVar [[r.LightFunctionQuality:1]]
[2023.01.08-11.27.36:393][  0]LogConfig: Setting CVar [[r.ShadowQuality:5]]
[2023.01.08-11.27.36:394][  0]LogConfig: Setting CVar [[r.Shadow.CSM.MaxCascades:10]]
[2023.01.08-11.27.36:394][  0]LogConfig: Setting CVar [[r.Shadow.MaxResolution:2048]]
[2023.01.08-11.27.36:394][  0]LogConfig: Setting CVar [[r.Shadow.MaxCSMResolution:2048]]
[2023.01.08-11.27.36:394][  0]LogConfig: Setting CVar [[r.Shadow.RadiusThreshold:0.01]]
[2023.01.08-11.27.36:394][  0]LogConfig: Setting CVar [[r.Shadow.DistanceScale:1.0]]
[2023.01.08-11.27.36:394][  0]LogConfig: Setting CVar [[r.Shadow.CSM.TransitionScale:1.0]]
[2023.01.08-11.27.36:394][  0]LogConfig: Setting CVar [[r.Shadow.PreShadowResolutionFactor:1.0]]
[2023.01.08-11.27.36:394][  0]LogConfig: Setting CVar [[r.DistanceFieldShadowing:1]]
[2023.01.08-11.27.36:394][  0]LogConfig: Setting CVar [[r.DistanceFieldAO:1]]
[2023.01.08-11.27.36:394][  0]LogConfig: Setting CVar [[r.AOQuality:2]]
[2023.01.08-11.27.36:394][  0]LogConfig: Setting CVar [[r.VolumetricFog:1]]
[2023.01.08-11.27.36:394][  0]LogConfig: Setting CVar [[r.VolumetricFog.GridPixelSize:8]]
[2023.01.08-11.27.36:394][  0]LogConfig: Setting CVar [[r.VolumetricFog.GridSizeZ:128]]
[2023.01.08-11.27.36:394][  0]LogConfig: Setting CVar [[r.VolumetricFog.HistoryMissSupersampleCount:4]]
[2023.01.08-11.27.36:394][  0]LogConfig: Setting CVar [[r.LightMaxDrawDistanceScale:1]]
[2023.01.08-11.27.36:395][  0]LogConfig: Setting CVar [[r.CapsuleShadows:1]]
[2023.01.08-11.27.36:395][  0]LogConfig: Applying CVar settings from Section [PostProcessQuality@3] File [E:/Projects/Snake/TopDown/Top-Down-Shooter/TopDownShooter/Saved/Config/Windows/Scalability.ini]
[2023.01.08-11.27.36:395][  0]LogConfig: Setting CVar [[r.MotionBlurQuality:4]]
[2023.01.08-11.27.36:395][  0]LogConfig: Setting CVar [[r.AmbientOcclusionMipLevelFactor:0.4]]
[2023.01.08-11.27.36:395][  0]LogConfig: Setting CVar [[r.AmbientOcclusionMaxQuality:100]]
[2023.01.08-11.27.36:395][  0]LogConfig: Setting CVar [[r.AmbientOcclusionLevels:-1]]
[2023.01.08-11.27.36:395][  0]LogConfig: Setting CVar [[r.AmbientOcclusionRadiusScale:1.0]]
[2023.01.08-11.27.36:395][  0]LogConfig: Setting CVar [[r.DepthOfFieldQuality:2]]
[2023.01.08-11.27.36:395][  0]LogConfig: Setting CVar [[r.RenderTargetPoolMin:400]]
[2023.01.08-11.27.36:395][  0]LogConfig: Setting CVar [[r.LensFlareQuality:2]]
[2023.01.08-11.27.36:395][  0]LogConfig: Setting CVar [[r.SceneColorFringeQuality:1]]
[2023.01.08-11.27.36:395][  0]LogConfig: Setting CVar [[r.EyeAdaptationQuality:2]]
[2023.01.08-11.27.36:395][  0]LogConfig: Setting CVar [[r.BloomQuality:5]]
[2023.01.08-11.27.36:395][  0]LogConfig: Setting CVar [[r.FastBlurThreshold:100]]
[2023.01.08-11.27.36:396][  0]LogConfig: Setting CVar [[r.Upscale.Quality:3]]
[2023.01.08-11.27.36:396][  0]LogConfig: Setting CVar [[r.Tonemapper.GrainQuantization:1]]
[2023.01.08-11.27.36:396][  0]LogConfig: Setting CVar [[r.LightShaftQuality:1]]
[2023.01.08-11.27.36:396][  0]LogConfig: Setting CVar [[r.Filter.SizeScale:1]]
[2023.01.08-11.27.36:396][  0]LogConfig: Setting CVar [[r.Tonemapper.Quality:5]]
[2023.01.08-11.27.36:396][  0]LogConfig: Setting CVar [[r.DOF.Gather.AccumulatorQuality:1        ; higher gathering accumulator quality]]
[2023.01.08-11.27.36:396][  0]LogConfig: Setting CVar [[r.DOF.Gather.PostfilterMethod:1          ; Median3x3 postfilering method]]
[2023.01.08-11.27.36:396][  0]LogConfig: Setting CVar [[r.DOF.Gather.EnableBokehSettings:0       ; no bokeh simulation when gathering]]
[2023.01.08-11.27.36:396][  0]LogConfig: Setting CVar [[r.DOF.Gather.RingCount:4                 ; medium number of samples when gathering]]
[2023.01.08-11.27.36:396][  0]LogConfig: Setting CVar [[r.DOF.Scatter.ForegroundCompositing:1    ; additive foreground scattering]]
[2023.01.08-11.27.36:396][  0]LogConfig: Setting CVar [[r.DOF.Scatter.BackgroundCompositing:2    ; additive background scattering]]
[2023.01.08-11.27.36:396][  0]LogConfig: Setting CVar [[r.DOF.Scatter.EnableBokehSettings:1      ; bokeh simulation when scattering]]
[2023.01.08-11.27.36:396][  0]LogConfig: Setting CVar [[r.DOF.Scatter.MaxSpriteRatio:0.1         ; only a maximum of 10% of scattered bokeh]]
[2023.01.08-11.27.36:396][  0]LogConfig: Setting CVar [[r.DOF.Recombine.Quality:1                ; cheap slight out of focus]]
[2023.01.08-11.27.36:397][  0]LogConfig: Setting CVar [[r.DOF.Recombine.EnableBokehSettings:0    ; no bokeh simulation on slight out of focus]]
[2023.01.08-11.27.36:397][  0]LogConfig: Setting CVar [[r.DOF.TemporalAAQuality:1                ; more stable temporal accumulation]]
[2023.01.08-11.27.36:397][  0]LogConfig: Setting CVar [[r.DOF.Kernel.MaxForegroundRadius:0.025]]
[2023.01.08-11.27.36:397][  0]LogConfig: Setting CVar [[r.DOF.Kernel.MaxBackgroundRadius:0.025]]
[2023.01.08-11.27.36:397][  0]LogConfig: Applying CVar settings from Section [TextureQuality@3] File [E:/Projects/Snake/TopDown/Top-Down-Shooter/TopDownShooter/Saved/Config/Windows/Scalability.ini]
[2023.01.08-11.27.36:397][  0]LogConfig: Setting CVar [[r.Streaming.MipBias:0]]
[2023.01.08-11.27.36:397][  0]LogConfig: Setting CVar [[r.Streaming.AmortizeCPUToGPUCopy:0]]
[2023.01.08-11.27.36:397][  0]LogConfig: Setting CVar [[r.Streaming.MaxNumTexturesToStreamPerFrame:0]]
[2023.01.08-11.27.36:397][  0]LogConfig: Setting CVar [[r.Streaming.Boost:1]]
[2023.01.08-11.27.36:397][  0]LogConfig: Setting CVar [[r.MaxAnisotropy:8]]
[2023.01.08-11.27.36:397][  0]LogConfig: Setting CVar [[r.VT.MaxAnisotropy:8]]
[2023.01.08-11.27.36:397][  0]LogConfig: Setting CVar [[r.Streaming.LimitPoolSizeToVRAM:0]]
[2023.01.08-11.27.36:397][  0]LogConfig: Setting CVar [[r.Streaming.PoolSize:1000]]
[2023.01.08-11.27.36:397][  0]LogConfig: Setting CVar [[r.Streaming.MaxEffectiveScreenSize:0]]
[2023.01.08-11.27.36:398][  0]LogConfig: Applying CVar settings from Section [EffectsQuality@3] File [E:/Projects/Snake/TopDown/Top-Down-Shooter/TopDownShooter/Saved/Config/Windows/Scalability.ini]
[2023.01.08-11.27.36:398][  0]LogConfig: Setting CVar [[r.TranslucencyLightingVolumeDim:64]]
[2023.01.08-11.27.36:398][  0]LogConfig: Setting CVar [[r.RefractionQuality:2]]
[2023.01.08-11.27.36:398][  0]LogConfig: Setting CVar [[r.SSR.Quality:3]]
[2023.01.08-11.27.36:398][  0]LogConfig: Setting CVar [[r.SSR.HalfResSceneColor:0]]
[2023.01.08-11.27.36:398][  0]LogConfig: Setting CVar [[r.SceneColorFormat:4]]
[2023.01.08-11.27.36:398][  0]LogConfig: Setting CVar [[r.DetailMode:2]]
[2023.01.08-11.27.36:398][  0]LogConfig: Setting CVar [[r.TranslucencyVolumeBlur:1]]
[2023.01.08-11.27.36:398][  0]LogConfig: Setting CVar [[r.MaterialQualityLevel:1 ; High quality]]
[2023.01.08-11.27.36:398][  0]LogConfig: Setting CVar [[r.AnisotropicMaterials:1]]
[2023.01.08-11.27.36:398][  0]LogConfig: Setting CVar [[r.SSS.Scale:1]]
[2023.01.08-11.27.36:398][  0]LogConfig: Setting CVar [[r.SSS.SampleSet:2]]
[2023.01.08-11.27.36:398][  0]LogConfig: Setting CVar [[r.SSS.Quality:1]]
[2023.01.08-11.27.36:398][  0]LogConfig: Setting CVar [[r.SSS.HalfRes:0]]
[2023.01.08-11.27.36:399][  0]LogConfig: Setting CVar [[r.SSGI.Quality:3]]
[2023.01.08-11.27.36:399][  0]LogConfig: Setting CVar [[r.EmitterSpawnRateScale:1.0]]
[2023.01.08-11.27.36:399][  0]LogConfig: Setting CVar [[r.ParticleLightQuality:2]]
[2023.01.08-11.27.36:399][  0]LogConfig: Setting CVar [[r.SkyAtmosphere.AerialPerspectiveLUT.FastApplyOnOpaque:1 ; Always have FastSkyLUT 1 in this case to avoid wrong sky]]
[2023.01.08-11.27.36:399][  0]LogConfig: Setting CVar [[r.SkyAtmosphere.AerialPerspectiveLUT.SampleCountMaxPerSlice:4]]
[2023.01.08-11.27.36:399][  0]LogConfig: Setting CVar [[r.SkyAtmosphere.AerialPerspectiveLUT.DepthResolution:16.0]]
[2023.01.08-11.27.36:399][  0]LogConfig: Setting CVar [[r.SkyAtmosphere.FastSkyLUT:1]]
[2023.01.08-11.27.36:399][  0]LogConfig: Setting CVar [[r.SkyAtmosphere.FastSkyLUT.SampleCountMin:4.0]]
[2023.01.08-11.27.36:399][  0]LogConfig: Setting CVar [[r.SkyAtmosphere.FastSkyLUT.SampleCountMax:128.0]]
[2023.01.08-11.27.36:399][  0]LogConfig: Setting CVar [[r.SkyAtmosphere.SampleCountMin:4.0]]
[2023.01.08-11.27.36:399][  0]LogConfig: Setting CVar [[r.SkyAtmosphere.SampleCountMax:128.0]]
[2023.01.08-11.27.36:399][  0]LogConfig: Setting CVar [[r.SkyAtmosphere.TransmittanceLUT.UseSmallFormat:0]]
[2023.01.08-11.27.36:399][  0]LogConfig: Setting CVar [[r.SkyAtmosphere.TransmittanceLUT.SampleCount:10.0]]
[2023.01.08-11.27.36:399][  0]LogConfig: Setting CVar [[r.SkyAtmosphere.MultiScatteringLUT.SampleCount:15.0]]
[2023.01.08-11.27.36:399][  0]LogConfig: Setting CVar [[r.SkyLight.RealTimeReflectionCapture:1]]
[2023.01.08-11.27.36:400][  0]LogConfig: Applying CVar settings from Section [FoliageQuality@3] File [E:/Projects/Snake/TopDown/Top-Down-Shooter/TopDownShooter/Saved/Config/Windows/Scalability.ini]
[2023.01.08-11.27.36:400][  0]LogConfig: Setting CVar [[foliage.DensityScale:1.0]]
[2023.01.08-11.27.36:400][  0]LogConfig: Setting CVar [[grass.DensityScale:1.0]]
[2023.01.08-11.27.36:400][  0]LogConfig: Applying CVar settings from Section [ShadingQuality@3] File [E:/Projects/Snake/TopDown/Top-Down-Shooter/TopDownShooter/Saved/Config/Windows/Scalability.ini]
[2023.01.08-11.27.36:400][  0]LogConfig: Setting CVar [[r.HairStrands.SkyLighting.IntegrationType:2]]
[2023.01.08-11.27.36:400][  0]LogConfig: Setting CVar [[r.HairStrands.SkyAO.SampleCount:4]]
[2023.01.08-11.27.36:400][  0]LogConfig: Setting CVar [[r.HairStrands.Visibility.MSAA.SamplePerPixel:4]]
[2023.01.08-11.27.36:400][  0]LogConfig: Applying CVar settings from Section [Startup] File [../../../Engine/Config/ConsoleVariables.ini]
[2023.01.08-11.27.36:400][  0]LogConfig: Setting CVar [[net.UseAdaptiveNetUpdateFrequency:0]]
[2023.01.08-11.27.36:400][  0]LogConfig: Setting CVar [[p.chaos.AllowCreatePhysxBodies:1]]
[2023.01.08-11.27.36:400][  0]LogConfig: Setting CVar [[fx.SkipVectorVMBackendOptimizations:1]]
[2023.01.08-11.27.36:400][  0]LogConfig: Applying CVar settings from Section [ConsoleVariables] File [E:/Projects/Snake/TopDown/Top-Down-Shooter/TopDownShooter/Saved/Config/Windows/Engine.ini]
[2023.01.08-11.27.36:401][  0]LogConfig: Applying CVar settings from Section [ConsoleVariables] File [E:/Projects/Snake/TopDown/Top-Down-Shooter/TopDownShooter/Saved/Config/Windows/Editor.ini]
[2023.01.08-11.27.36:401][  0]LogInit: Computer: DESKTOP-9GONV1T
[2023.01.08-11.27.36:401][  0]LogInit: User: pidoras
[2023.01.08-11.27.36:401][  0]LogInit: CPU Page size=4096, Cores=6
[2023.01.08-11.27.36:401][  0]LogInit: High frequency timer resolution =10.000000 MHz
[2023.01.08-11.27.36:401][  0]LogMemory: Memory total: Physical=47.9GB (48GB approx)
[2023.01.08-11.27.36:401][  0]LogMemory: Platform Memory Stats for Windows
[2023.01.08-11.27.36:401][  0]LogMemory: Process Physical Memory: 146.26 MB used, 146.26 MB peak
[2023.01.08-11.27.36:401][  0]LogMemory: Process Virtual Memory: 126.12 MB used, 126.12 MB peak
[2023.01.08-11.27.36:401][  0]LogMemory: Physical Memory: 24766.84 MB used,  24290.45 MB free, 49057.29 MB total
[2023.01.08-11.27.36:401][  0]LogMemory: Virtual Memory: 134180200.00 MB used,  37531.43 MB free, 134217728.00 MB total
[2023.01.08-11.27.36:407][  0]LogWindows: WindowsPlatformFeatures enabled
[2023.01.08-11.27.36:492][  0]LogInit: Physics initialised using underlying interface: PhysX
[2023.01.08-11.27.36:492][  0]LogInit: Using OS detected language (en-GB).
[2023.01.08-11.27.36:493][  0]LogInit: Using OS detected locale (en-GB).
[2023.01.08-11.27.36:495][  0]LogTextLocalizationManager: No specific localization for 'en-GB' exists, so the 'en' localization will be used.
[2023.01.08-11.27.36:648][  0]LogInit: Setting process to per monitor DPI aware
[2023.01.08-11.27.36:666][  0]LogWindowsTextInputMethodSystem: Display: IME system deactivated.
[2023.01.08-11.27.36:690][  0]LogSlate: New Slate User Created.  User Index 0, Is Virtual User: 0
[2023.01.08-11.27.36:690][  0]LogSlate: Slate User Registered.  User Index 0, Is Virtual User: 0
[2023.01.08-11.27.36:847][  0]LogD3D11RHI: Loaded GFSDK_Aftermath_Lib.x64.dll
[2023.01.08-11.27.36:854][  0]LogHMD: Failed to initialize OpenVR with code 110
[2023.01.08-11.27.36:854][  0]LogD3D11RHI: D3D11 min allowed feature level: 11_0
[2023.01.08-11.27.36:854][  0]LogD3D11RHI: D3D11 max allowed feature level: 11_0
[2023.01.08-11.27.36:854][  0]LogD3D11RHI: D3D11 adapters:
[2023.01.08-11.27.36:910][  0]LogD3D11RHI:    0. 'Radeon RX 580 Series' (Feature Level 11_0)
[2023.01.08-11.27.36:910][  0]LogD3D11RHI:       8170/0/24528 MB DedicatedVideo/DedicatedSystem/SharedSystem, Outputs:2, VendorId:0x1002
[2023.01.08-11.27.36:914][  0]LogD3D11RHI:    1. 'Microsoft Basic Render Driver' (Feature Level 11_0)
[2023.01.08-11.27.36:914][  0]LogD3D11RHI:       0/0/24528 MB DedicatedVideo/DedicatedSystem/SharedSystem, Outputs:0, VendorId:0x1414
[2023.01.08-11.27.36:914][  0]LogD3D11RHI: Chosen D3D11 Adapter:
[2023.01.08-11.27.36:914][  0]LogD3D11RHI:     Description : Radeon RX 580 Series
[2023.01.08-11.27.36:915][  0]LogD3D11RHI:     VendorId    : 1002
[2023.01.08-11.27.36:915][  0]LogD3D11RHI:     DeviceId    : 67df
[2023.01.08-11.27.36:915][  0]LogD3D11RHI:     SubSysId    : 5211043
[2023.01.08-11.27.36:915][  0]LogD3D11RHI:     Revision    : 00e7
[2023.01.08-11.27.36:915][  0]LogD3D11RHI:     DedicatedVideoMemory : 8567902208 bytes
[2023.01.08-11.27.36:915][  0]LogD3D11RHI:     DedicatedSystemMemory : 0 bytes
[2023.01.08-11.27.36:915][  0]LogD3D11RHI:     SharedSystemMemory : 25720150016 bytes
[2023.01.08-11.27.36:915][  0]LogD3D11RHI:     AdapterLuid : 0 699960561
[2023.01.08-11.27.36:921][  0]LogD3D11RHI: Creating new Direct3DDevice
[2023.01.08-11.27.36:921][  0]LogD3D11RHI:     GPU DeviceId: 0x67df (for the marketing name, search the web for "GPU Device Id")
[2023.01.08-11.27.36:921][  0]LogWindows: EnumDisplayDevices:
[2023.01.08-11.27.36:921][  0]LogWindows:    0. 'Radeon RX 580 Series' (P:0 D:1)
[2023.01.08-11.27.36:921][  0]LogWindows:    1. 'Radeon RX 580 Series' (P:1 D:1)
[2023.01.08-11.27.36:921][  0]LogWindows:    2. 'Radeon RX 580 Series' (P:0 D:0)
[2023.01.08-11.27.36:922][  0]LogWindows:    3. 'Radeon RX 580 Series' (P:0 D:0)
[2023.01.08-11.27.36:922][  0]LogWindows:    4. 'Radeon RX 580 Series' (P:0 D:0)
[2023.01.08-11.27.36:922][  0]LogWindows:    5. 'Radeon RX 580 Series' (P:0 D:0)
[2023.01.08-11.27.36:922][  0]LogWindows:    6. 'Radeon RX 580 Series' (P:0 D:0)
[2023.01.08-11.27.36:923][  0]LogWindows: DebugString: FoundDriverCount:7 
[2023.01.08-11.27.36:923][  0]LogD3D11RHI:     Adapter Name: Radeon RX 580 Series
[2023.01.08-11.27.36:923][  0]LogD3D11RHI:   Driver Version: AMD Software: Adrenalin Edition 22.20.27.07 (internal:31.0.12027.7000, unified:31.0.12027.7000)
[2023.01.08-11.27.36:923][  0]LogD3D11RHI:      Driver Date: 10-20-2022
[2023.01.08-11.27.36:923][  0]LogRHI: Texture pool is 5182 MB (70% of 7402 MB)
[2023.01.08-11.27.36:957][  0]LogD3D11RHI: Creating D3DDevice with AMD AGS, using adapter:
[2023.01.08-11.27.36:957][  0]LogD3D11RHI:     Description : Radeon RX 580 Series
[2023.01.08-11.27.36:958][  0]LogD3D11RHI:     VendorId    : 1002
[2023.01.08-11.27.36:958][  0]LogD3D11RHI:     DeviceId    : 67df
[2023.01.08-11.27.36:958][  0]LogD3D11RHI:     SubSysId    : 5211043
[2023.01.08-11.27.36:958][  0]LogD3D11RHI:     Revision    : 00e7
[2023.01.08-11.27.36:958][  0]LogD3D11RHI:     DedicatedVideoMemory : 8567902208 bytes
[2023.01.08-11.27.36:958][  0]LogD3D11RHI:     DedicatedSystemMemory : 0 bytes
[2023.01.08-11.27.36:958][  0]LogD3D11RHI:     SharedSystemMemory : 25720150016 bytes
[2023.01.08-11.27.36:958][  0]LogD3D11RHI:     AdapterLuid : 0 699960561
[2023.01.08-11.27.36:998][  0]LogD3D11RHI: Created device via AGS, feature level 11_0, supported extensions 1fffffbf.
[2023.01.08-11.27.36:998][  0]LogD3D11RHI: RHI has support for 64 bit atomics
[2023.01.08-11.27.36:998][  0]LogD3D11RHI: Async texture creation enabled
[2023.01.08-11.27.36:998][  0]LogD3D11RHI: Array index from any shader is supported
[2023.01.08-11.27.37:009][  0]LogD3D11RHI: GPU Timing Frequency: 25.000000 (Debug: 2 1)
[2023.01.08-11.27.37:221][  0]LogTargetPlatformManager: Display: Loaded TargetPlatform 'AllDesktop'
[2023.01.08-11.27.37:243][  0]LogTargetPlatformManager: Display: Loaded TargetPlatform 'Android'
[2023.01.08-11.27.37:243][  0]LogTargetPlatformManager: Display: Loaded TargetPlatform 'Android_ASTC'
[2023.01.08-11.27.37:243][  0]LogTargetPlatformManager: Display: Loaded TargetPlatform 'Android_DXT'
[2023.01.08-11.27.37:243][  0]LogTargetPlatformManager: Display: Loaded TargetPlatform 'Android_ETC2'
[2023.01.08-11.27.37:243][  0]LogTargetPlatformManager: Display: Loaded TargetPlatform 'AndroidClient'
[2023.01.08-11.27.37:243][  0]LogTargetPlatformManager: Display: Loaded TargetPlatform 'Android_ASTCClient'
[2023.01.08-11.27.37:243][  0]LogTargetPlatformManager: Display: Loaded TargetPlatform 'Android_DXTClient'
[2023.01.08-11.27.37:243][  0]LogTargetPlatformManager: Display: Loaded TargetPlatform 'Android_ETC2Client'
[2023.01.08-11.27.37:243][  0]LogTargetPlatformManager: Display: Loaded TargetPlatform 'Android_Multi'
[2023.01.08-11.27.37:243][  0]LogTargetPlatformManager: Display: Loaded TargetPlatform 'Android_MultiClient'
[2023.01.08-11.27.37:267][  0]LogTargetPlatformManager: Display: Loaded TargetPlatform 'IOSClient'
[2023.01.08-11.27.37:267][  0]LogTargetPlatformManager: Display: Loaded TargetPlatform 'IOS'
[2023.01.08-11.27.37:278][  0]LogTargetPlatformManager: Display: Loaded TargetPlatform 'Linux'
[2023.01.08-11.27.37:284][  0]LogTargetPlatformManager: Display: Loaded TargetPlatform 'LinuxNoEditor'
[2023.01.08-11.27.37:290][  0]LogTargetPlatformManager: Display: Loaded TargetPlatform 'LinuxClient'
[2023.01.08-11.27.37:295][  0]LogTargetPlatformManager: Display: Loaded TargetPlatform 'LinuxServer'
[2023.01.08-11.27.37:305][  0]LogTargetPlatformManager: Display: Loaded TargetPlatform 'LinuxAArch64NoEditor'
[2023.01.08-11.27.37:311][  0]LogTargetPlatformManager: Display: Loaded TargetPlatform 'LinuxAArch64Client'
[2023.01.08-11.27.37:316][  0]LogTargetPlatformManager: Display: Loaded TargetPlatform 'LinuxAArch64Server'
[2023.01.08-11.27.37:338][  0]LogTargetPlatformManager: Display: Loaded TargetPlatform 'Lumin'
[2023.01.08-11.27.37:338][  0]LogTargetPlatformManager: Display: Loaded TargetPlatform 'LuminClient'
[2023.01.08-11.27.37:349][  0]LogTargetPlatformManager: Display: Loaded TargetPlatform 'MacNoEditor'
[2023.01.08-11.27.37:356][  0]LogTargetPlatformManager: Display: Loaded TargetPlatform 'Mac'
[2023.01.08-11.27.37:363][  0]LogTargetPlatformManager: Display: Loaded TargetPlatform 'MacClient'
[2023.01.08-11.27.37:371][  0]LogTargetPlatformManager: Display: Loaded TargetPlatform 'MacServer'
[2023.01.08-11.27.37:381][  0]LogTargetPlatformManager: Display: Loaded TargetPlatform 'TVOSClient'
[2023.01.08-11.27.37:381][  0]LogTargetPlatformManager: Display: Loaded TargetPlatform 'TVOS'
[2023.01.08-11.27.37:393][  0]LogTargetPlatformManager: Display: Loaded TargetPlatform 'WindowsNoEditor'
[2023.01.08-11.27.37:400][  0]LogTargetPlatformManager: Display: Loaded TargetPlatform 'Windows'
[2023.01.08-11.27.37:408][  0]LogTargetPlatformManager: Display: Loaded TargetPlatform 'WindowsClient'
[2023.01.08-11.27.37:416][  0]LogTargetPlatformManager: Display: Loaded TargetPlatform 'WindowsServer'
[2023.01.08-11.27.37:416][  0]LogTargetPlatformManager: Display: Building Assets For Windows
[2023.01.08-11.27.37:434][  0]LogAudioDebug: Display: Lib vorbis DLL was dynamically loaded.
[2023.01.08-11.27.37:504][  0]LogTextureFormatOodle: Display: Oodle Texture 2.9.0 init RDO Off
[2023.01.08-11.27.37:570][  0]LogRendererCore: Ray tracing is disabled. Reason: r.RayTracing=0.
[2023.01.08-11.27.37:570][  0]LogShaderCompilers: Guid format shader working directory is -19 characters bigger than the processId version (../../../../Projects/Snake/TopDown/Top-Down-Shooter/TopDownShooter/Intermediate/Shaders/WorkingDirectory/21296/).
[2023.01.08-11.27.37:570][  0]LogShaderCompilers: Cleaned the shader compiler working directory 'C:/Users/pidoras/AppData/Local/Temp/UnrealShaderWorkingDir/E7A293F74BB18835380837A24E11B4A0/'.
[2023.01.08-11.27.37:570][  0]LogXGEController: Cannot use XGE Controller as Incredibuild is not installed on this machine.
[2023.01.08-11.27.37:570][  0]LogShaderCompilers: Cannot use XGE Shader Compiler as Incredibuild is not installed on this machine.
[2023.01.08-11.27.37:570][  0]LogShaderCompilers: Display: Using Local Shader Compiler.
[2023.01.08-11.27.38:148][  0]LogDerivedDataCache: Display: Max Cache Size: 512 MB
[2023.01.08-11.27.38:192][  0]LogDerivedDataCache: Loaded boot cache 0.04s 103MB C:/Users/pidoras/AppData/Local/UnrealEngine/4.27/DerivedDataCache/Boot.ddc.
[2023.01.08-11.27.38:192][  0]LogDerivedDataCache: Display: Loaded Boot cache: C:/Users/pidoras/AppData/Local/UnrealEngine/4.27/DerivedDataCache/Boot.ddc
[2023.01.08-11.27.38:192][  0]LogDerivedDataCache: FDerivedDataBackendGraph:  Pak pak cache file ../../../../Projects/Snake/TopDown/Top-Down-Shooter/TopDownShooter/DerivedDataCache/DDC.ddp not found, will not use a pak cache.
[2023.01.08-11.27.38:192][  0]LogDerivedDataCache: Unable to find inner node Pak for hierarchical cache Hierarchy.
[2023.01.08-11.27.38:192][  0]LogDerivedDataCache: FDerivedDataBackendGraph:  CompressedPak pak cache file ../../../../Projects/Snake/TopDown/Top-Down-Shooter/TopDownShooter/DerivedDataCache/Compressed.ddp not found, will not use a pak cache.
[2023.01.08-11.27.38:192][  0]LogDerivedDataCache: Unable to find inner node CompressedPak for hierarchical cache Hierarchy.
[2023.01.08-11.27.38:208][  0]LogDerivedDataCache: Display: Pak cache opened for reading ../../../Engine/DerivedDataCache/Compressed.ddp.
[2023.01.08-11.27.38:209][  0]LogDerivedDataCache: FDerivedDataBackendGraph:  EnterprisePak pak cache file ../../../Enterprise/DerivedDataCache/Compressed.ddp not found, will not use a pak cache.
[2023.01.08-11.27.38:209][  0]LogDerivedDataCache: Unable to find inner node EnterprisePak for hierarchical cache Hierarchy.
[2023.01.08-11.27.38:215][  0]LogDerivedDataCache: Speed tests for C:/Users/pidoras/AppData/Local/UnrealEngine/Common/DerivedDataCache took 0.01 seconds
[2023.01.08-11.27.38:215][  0]LogDerivedDataCache: Display: Performance to C:/Users/pidoras/AppData/Local/UnrealEngine/Common/DerivedDataCache: Latency=0.02ms. RandomReadSpeed=1614.04MBs, RandomWriteSpeed=191.51MBs. Assigned SpeedClass 'Local'
[2023.01.08-11.27.38:216][  0]LogDerivedDataCache: Using Local data cache path C:/Users/pidoras/AppData/Local/UnrealEngine/Common/DerivedDataCache: Writable
[2023.01.08-11.27.38:216][  0]LogDerivedDataCache: Shared data cache path not found in *engine.ini, will not use an Shared cache.
[2023.01.08-11.27.38:217][  0]LogDerivedDataCache: Unable to find inner node Shared for hierarchical cache Hierarchy.
[2023.01.08-11.27.38:260][  0]LogSlate: Using FreeType 2.10.0
[2023.01.08-11.27.38:260][  0]LogSlate: SlateFontServices - WITH_FREETYPE: 1, WITH_HARFBUZZ: 1
[2023.01.08-11.27.38:282][  0]LogAssetRegistry: FAssetRegistry took 0.0026 seconds to start up
[2023.01.08-11.27.38:481][  0]LogInit: Selected Device Profile: [Windows]
[2023.01.08-11.27.38:481][  0]LogInit: Active device profile: [000002AE8DFB9400][000002AE86F36E00 49] Windows
[2023.01.08-11.27.38:481][  0]LogInit: Profiles: [000002AE8DFB9400][000002AE86F36E00 49] Windows, [000002AE8DF4EA00][000002AE89CBAF80 49] WindowsNoEditor, [000002AE8DFBB100][000002AE8D0ED100 49] WindowsServer, [000002AE8DF1FF00][000002AE8CE09280 49] WindowsClient, [000002AE8DF4FC00][000002AE8CE0D400 49] IOS, [000002AE8DF1D700][000002AE8BCD7580 49] iPadAir, [000002AE8DF4E200][000002AE8BCDF700 49] iPadAir2, [000002AE8DEC8500][000002AE84CA59C0 49] IPadPro, [000002AE8DEC8600][000002AE84CA1A00 49] iPadAir3, [000002AE8DF1D900][000002AE8483DB80 49] iPadAir4, [000002AE8DECB100][000002AE84844180 49] iPadMini2, [000002AE8DF1FD00][000002AE8484C300 49] iPadMini3, [000002AE8DEC8E00][000002AE8E46A480 49] iPadMini4, [000002AE8DF1CA00][000002AE8E484600 49] iPadMini5, [000002AE8DEB3C00][000002AE8E4968C0 49] iPhone6, [000002AE8DEB3D00][000002AE8E488900 49] iPodTouch6, [000002AE8DF4CD00][000002AE8E49AB40 49] iPhone7, [000002AE8DF4F300][000002AE8CE04B80 49] iPodTouch7, [000002AE8DEB0300][000002AE8E49ECC0 49] iPhone5S, [000002AE8DECAF00][000002AE8E4A6E40 49] iPhone6Plus, [000002AE8DEB1F00][000002AE8E4AAFC0 49] iPhone6S, [000002AE8DEC9400][000002AE8E4AF140 49] iPhone6SPlus, [000002AE8DF4F600][000002AE8E4B32C0 49] iPhone7Plus, [000002AE8DEC9D00][000002AE8D0C3440 49] iPhoneSE, [000002AE8DF4D700][000002AE8D0C75C0 49] iPhone8, [000002AE8DEC9200][000002AE8D0CB740 49] iPhone8Plus, [000002AE8DF4FF00][000002AE8D0CF8C0 49] iPhoneX, [000002AE8DEC9700][000002AE8D0D3A40 49] iPhoneXS, [000002AE8DF4CF00][000002AE8D0D7BC0 49] iPhoneXSMax, [000002AE8DEC8800][000002AE8E4F41C0 49] iPhoneXR, [000002AE8DF4C700][000002AE8E4FC340 49] iPhone11, [000002AE8DECA400][000002AE8E5004C0 49] iPhone11Pro, [000002AE8DF4C400][000002AE8E508640 49] iPhone11ProMax, [000002AE8DECA200][000002AE8E50C7C0 49] iPhoneSE2, [000002AE8DF4D000][000002AE8CDE4940 49] iPhone12Mini, [000002AE8DECA700][000002AE8CDE8AC0 49] iPhone12, [000002AE8DF4D100][000002AE8E4A2C00 49] iPhone12Pro, [000002AE8DECAE00][000002AE8E4F8D40 49] iPhone12ProMax, [000002AE8DF4D400][000002AE8E504E80 49] iPadPro105, [000002AE8DEC9F00][000002AE8CDF8FC0 49] iPadPro129, [000002AE8DF4CA00][000002AE8CE01140 49] iPadPro97, [000002AE8DECB900][000002AE847C32C0 49] iPadPro2_129, [000002AE8DF4C200][000002AE847C7440 49] iPad5, [000002AE8DECB300][000002AE8BCE35C0 49] iPad6, [000002AE8DF4EB00][000002AE8D0E9740 49] iPad7, [000002AE8DECB700][000002AE8BCDB8C0 49] iPad8, [000002AE8DF4FB00][000002AE86EF9A40 49] iPadPro11, [000002AE8DEC8900][000002AE86EFDBC0 49] iPadPro2_11, [000002AE8DF4DB00][000002AE86F001C0 49] iPadPro3_129, [000002AE8DECBF00][000002AE86F04340 49] iPadPro4_129, [000002AE8DF4E100][000002AE86F084C0 49] AppleTV, [000002AE8DECBE00][000002AE86F0C640 49] AppleTV4K, [000002AE8DF4DA00][000002AE86F107C0 49] TVOS, [000002AE8DEC9100][000002AE86F14940 49] Mac, [000002AE8DF4DE00][000002AE86F18AC0 49] MacClient, [000002AE8DECB400][000002AE86F1CC40 49] MacNoEditor, [000002AE8DF4F000][000002AE8CDFCD80 49] MacServer, [000002AE8DECAD00][000002AE847CAEC0 49] Linux, [000002AE8DF4D200][000002AE847CF000 49] LinuxAArch64, [000002AE8DECB600][000002AE847D3140 49] LinuxNoEditor, [000002AE8DF4C600][000002AE847DB2C0 49] LinuxAArch64NoEditor, [000002AE8DECA600][000002AE847DF440 49] LinuxClient, [000002AE8DF4C300][000002AE847E35C0 49] LinuxAArch64Client, [000002AE8DECAA00][000002AE847E7740 49] LinuxServer, [000002AE8DF4E900][000002AE847EB8C0 49] LinuxAArch64Server, [000002AE8DECB000][000002AE847EFA40 49] Android, [000002AE8DF4FE00][000002AE847F3BC0 49] Android_Low, [000002AE8DEC8A00][000002AE847F61C0 49] Android_Mid, [000002AE8DF4EF00][000002AE847FA340 49] Android_High, [000002AE8DFBA500][000002AE84C644C0 49] Android_Default, [000002AE8DEB0F00][000002AE84C68640 49] Android_Adreno4xx, [000002AE8DFBA400][000002AE84C6C7C0 49] Android_Adreno5xx_Low, [000002AE8DEB1D00][000002AE84C70940 49] Android_Adreno5xx, [000002AE8DFBAB00][000002AE84C74AC0 49] Android_Adreno6xx, [000002AE8DEB0D00][000002AE84C78C40 49] Android_Adreno6xx_Vulkan, [000002AE8DFBB200][000002AE84C7CDC0 49] Android_Mali_T6xx, [000002AE8DEB3700][000002AE84C80F40 49] Android_Mali_T7xx, [000002AE8DFBA900][000002AE847D7080 49] Android_Mali_T8xx, [000002AE8DEB0600][000002AE84C851C0 49] Android_Mali_G71, [000002AE8DFB9300][000002AE84C89300 49] Android_Mali_G72, [000002AE8DEB1200][000002AE84C91480 49] Android_Mali_G72_Vulkan, [000002AE8DFB9A00][000002AE84C95600 49] Android_Mali_G76, [000002AE8DEB1500][000002AE84C99780 49] Android_Mali_G76_Vulkan, [000002AE8DFB9B00][000002AE84C9D900 49] Android_Mali_G77, [000002AE8DEB2500][000002AE8E195A80 49] Android_Mali_G77_Vulkan, [000002AE8DFBA200][000002AE8E199C00 49] Android_Mali_G78, [000002AE8DEB1000][000002AE8E19C200 49] Android_Mali_G78_Vulkan, [000002AE8DFB8500][000002AE8E1A0380 49] Android_Mali_G710, [000002AE8DEB2B00][000002AE8E1A4500 49] Android_Mali_G710_Vulkan, [000002AE8DFBAD00][000002AE8E1A8680 49] Android_Vulkan_SM5, [000002AE8DEB3600][000002AE8E1AC800 49] Android_PowerVR_G6xxx, [000002AE8DFB8700][000002AE8E1B0980 49] Android_PowerVR_GT7xxx, [000002AE8DEB3100][000002AE8E1B4B00 49] Android_PowerVR_GE8xxx, [000002AE8DFB8100][000002AE8E1B8C80 49] Android_PowerVR_GM9xxx, [000002AE8DEB2400][000002AE8E1BCE00 49] Android_PowerVR_GM9xxx_Vulkan, [000002AE8DFB8900][000002AE8E1C0F80 49] Android_TegraK1, [000002AE8DF4E500][000002AE8E1C5100 49] Android_Unknown_Vulkan, [000002AE8DFBAE00][000002AE84C8D240 49] Lumin, [000002AE8DF4F700][000002AE8E1C9380 49] Lumin_Desktop, [000002AE8DFBA800][000002AE8E1CD4C0 49] HoloLens, 
[2023.01.08-11.27.38:615][  0]LogMeshReduction: Using QuadricMeshReduction for automatic static mesh reduction
[2023.01.08-11.27.38:615][  0]LogMeshReduction: Using SimplygonMeshReduction for automatic skeletal mesh reduction
[2023.01.08-11.27.38:615][  0]LogMeshReduction: Using ProxyLODMeshReduction for automatic mesh merging
[2023.01.08-11.27.38:615][  0]LogMeshReduction: No distributed automatic mesh merging module available
[2023.01.08-11.27.38:615][  0]LogMeshMerging: No distributed automatic mesh merging module available
[2023.01.08-11.27.38:632][  0]LogNetVersion: TopDownShooter 1.0.0, NetCL: 17155196, EngineNetVer: 17, GameNetVer: 0 (Checksum: 3675636926)
[2023.01.08-11.27.38:932][  0]LogTexture: Default maximum texture size for cubemaps generated from long-lat sources has been changed from 512 to unlimited. In order to preserve old behaiour for '/Engine/MapTemplates/Sky/DaylightAmbientCubemap.DaylightAmbientCubemap', its maximum texture size has been explicitly set to 512.
[2023.01.08-11.27.38:971][  0]LogHMD: PokeAHoleMaterial loaded successfully
[2023.01.08-11.27.38:977][  0]LogUObjectArray: 17178 objects as part of root set at end of initial load.
[2023.01.08-11.27.38:977][  0]LogUObjectAllocator: 4302048 out of 0 bytes used by permanent object pool.
[2023.01.08-11.27.38:977][  0]LogUObjectArray: CloseDisregardForGC: 0/0 objects in disregard for GC pool
[2023.01.08-11.27.39:379][  0]LogNiagaraDebuggerClient: Niagara Debugger Client Initialized | Session: F294FE144CD1F92B7962A2BC7B3F010D | Instance: 2EB532C94947F397BF530286F37EA370 (DESKTOP-9GONV1T-21296).
[2023.01.08-11.27.39:573][  0]LogPython: Using Python 3.7.7
[2023.01.08-11.27.40:033][  0]LogTcpMessaging: Initializing TcpMessaging bridge
[2023.01.08-11.27.40:039][  0]LogUdpMessaging: Initializing bridge on interface 0.0.0.0:0 to multicast group 230.0.0.1:6666.
[2023.01.08-11.27.40:433][  0]SourceControl: Source control is disabled
[2023.01.08-11.27.40:433][  0]SourceControl: Source control is disabled
[2023.01.08-11.27.40:438][  0]SourceControl: Source control is disabled
[2023.01.08-11.27.40:442][  0]SourceControl: Source control is disabled
[2023.01.08-11.27.40:658][  0]SourceControl: Source control is disabled
[2023.01.08-11.27.40:667][  0]LogUProjectInfo: Found projects:
[2023.01.08-11.27.40:988][  0]LogOpenImageDenoise: OIDN starting up
[2023.01.08-11.27.41:034][  0]LogAndroidPermission: UAndroidPermissionCallbackProxy::GetInstance
[2023.01.08-11.27.41:071][  0]LogAudioCaptureCore: Display: No Audio Capture implementations found. Audio input will be silent.
[2023.01.08-11.27.41:071][  0]LogAudioCaptureCore: Display: No Audio Capture implementations found. Audio input will be silent.
[2023.01.08-11.27.41:215][  0]LogCollectionManager: Loaded 0 collections in 0.001146 seconds
[2023.01.08-11.27.41:245][  0]LogFileCache: Scanning file cache for directory 'E:/Projects/Snake/TopDown/Top-Down-Shooter/TopDownShooter/Saved/Collections/' took 0.00s
[2023.01.08-11.27.41:245][  0]LogFileCache: Scanning file cache for directory 'E:/Projects/Snake/TopDown/Top-Down-Shooter/TopDownShooter/Content/Developers/pidoras/Collections/' took 0.00s
[2023.01.08-11.27.41:245][  0]LogFileCache: Scanning file cache for directory 'E:/Projects/Snake/TopDown/Top-Down-Shooter/TopDownShooter/Content/Collections/' took 0.00s
[2023.01.08-11.27.41:245][  0]LogOcInput: OculusInput pre-init called
[2023.01.08-11.27.41:450][  0]LogEngine: Initializing Engine...
[2023.01.08-11.27.41:455][  0]LogHMD: Failed to enumerate extensions. Please check that you have a valid OpenXR runtime installed.
[2023.01.08-11.27.41:455][  0]LogHMD: Failed to initialize OpenVR with code 110
[2023.01.08-11.27.41:455][  0]LogMagicLeap: Warning: VR disabled because ZI is not enabled.  To enable, in the editor, Edit -> Project Settings -> Plugins -> Magic Leap Plugin -> Enable Zero Iteration
[2023.01.08-11.27.41:456][  0]LogStats: UGameplayTagsManager::InitializeManager -  0.000 s
[2023.01.08-11.27.41:542][  0]LogInit: Initializing FReadOnlyCVARCache
[2023.01.08-11.27.41:554][  0]LogAIModule: Creating AISystem for world Untitled
[2023.01.08-11.27.41:557][  0]LogAudio: Display: Initializing Audio Device Manager...
[2023.01.08-11.27.41:564][  0]LogAudio: Display: Loading Default Audio Settings Objects...
[2023.01.08-11.27.41:565][  0]LogAudio: Display: No default SoundConcurrencyObject specified (or failed to load).
[2023.01.08-11.27.41:565][  0]LogAudio: Display: Audio Device Manager Initialized
[2023.01.08-11.27.41:565][  0]LogAudio: Display: Creating Audio Device:                 Id: 1, Scope: Shared, Realtime: True
[2023.01.08-11.27.41:565][  0]LogAudioMixer: Display: Audio Mixer Platform Settings:
[2023.01.08-11.27.41:565][  0]LogAudioMixer: Display: 	Sample Rate:						  48000
[2023.01.08-11.27.41:565][  0]LogAudioMixer: Display: 	Callback Buffer Frame Size Requested: 1024
[2023.01.08-11.27.41:565][  0]LogAudioMixer: Display: 	Callback Buffer Frame Size To Use:	  1024
[2023.01.08-11.27.41:566][  0]LogAudioMixer: Display: 	Number of buffers to queue:			  2
[2023.01.08-11.27.41:566][  0]LogAudioMixer: Display: 	Max Channels (voices):				  32
[2023.01.08-11.27.41:566][  0]LogAudioMixer: Display: 	Number of Async Source Workers:		  0
[2023.01.08-11.27.41:566][  0]LogAudio: Display: AudioDevice MaxSources: 32
[2023.01.08-11.27.41:566][  0]LogAudio: Display: Audio Spatialization Plugin: None (built-in).
[2023.01.08-11.27.41:566][  0]LogAudio: Display: Audio Reverb Plugin: None (built-in).
[2023.01.08-11.27.41:566][  0]LogAudio: Display: Audio Occlusion Plugin: None (built-in).
[2023.01.08-11.27.41:566][  0]LogAudioMixer: Display: Initializing audio mixer.
[2023.01.08-11.27.41:584][  0]LogAudioMixer: Display: 0: FrontLeft
[2023.01.08-11.27.41:584][  0]LogAudioMixer: Display: 1: FrontRight
[2023.01.08-11.27.41:599][  0]LogAudioMixer: Display: Using Audio Device Speakers (PRO X)
[2023.01.08-11.27.41:600][  0]LogAudioMixer: Display: Initializing Sound Submixes...
[2023.01.08-11.27.41:602][  0]LogAudioMixer: Display: Creating Master Submix 'MasterSubmixDefault'
[2023.01.08-11.27.41:602][  0]LogAudioMixer: Display: Creating Master Submix 'MasterReverbSubmixDefault'
[2023.01.08-11.27.41:602][  0]LogAudioMixer: Display: Creating Master Submix 'MasterEQSubmixDefault'
[2023.01.08-11.27.41:603][  0]LogAudioMixer: FMixerPlatformXAudio2::StartAudioStream() called
[2023.01.08-11.27.41:603][  0]LogAudioMixer: Display: Output buffers initialized: Frames=1024, Channels=2, Samples=2048
[2023.01.08-11.27.41:604][  0]LogAudioMixer: Display: Starting AudioMixerPlatformInterface::RunInternal()
[2023.01.08-11.27.41:604][  0]LogAudioMixer: Display: FMixerPlatformXAudio2::SubmitBuffer() called for the first time
[2023.01.08-11.27.41:604][  0]LogInit: FAudioDevice initialized.
[2023.01.08-11.27.41:604][  0]LogAudio: Display: Audio Device (ID: 1) registered with world 'Untitled'.
[2023.01.08-11.27.41:604][  0]LogNetVersion: Set ProjectVersion to 1.0.0.0. Version Checksum will be recalculated on next use.
[2023.01.08-11.27.41:659][  0]LogDerivedDataCache: Saved boot cache 0.05s 103MB C:/Users/pidoras/AppData/Local/UnrealEngine/4.27/DerivedDataCache/Boot.ddc.
[2023.01.08-11.27.41:659][  0]LogInit: Texture streaming: Enabled
[2023.01.08-11.27.41:681][  0]LogAnalytics: Display: [UEEditor.Rocket.Release] APIServer = https://datarouter.ol.epicgames.com/. AppVersion = 4.27.2-18319896+++UE4+Release-4.27
[2023.01.08-11.27.41:688][  0]LogEngineSessionManager: EngineSessionManager initialized
[2023.01.08-11.27.41:688][  0]LogEditorSessionSummary: Verbose: Initializing EditorSessionSummaryWriter for editor session tracking
[2023.01.08-11.27.41:690][  0]LogEditorSessionSummary: EditorSessionSummaryWriter initialized
[2023.01.08-11.27.41:728][  0]LogInit: Transaction tracking system initialized
[2023.01.08-11.27.41:769][  0]BlueprintLog: New page: Editor Load
[2023.01.08-11.27.41:871][  0]LocalizationService: Localization service is disabled
[2023.01.08-11.27.41:917][  0]TimingProfiler: Initialize
[2023.01.08-11.27.41:917][  0]TimingProfiler: OnSessionChanged
[2023.01.08-11.27.41:917][  0]LoadingProfiler: Initialize
[2023.01.08-11.27.41:918][  0]LoadingProfiler: OnSessionChanged
[2023.01.08-11.27.41:918][  0]NetworkingProfiler: Initialize
[2023.01.08-11.27.41:918][  0]NetworkingProfiler: OnSessionChanged
[2023.01.08-11.27.41:918][  0]MemoryProfiler: Initialize
[2023.01.08-11.27.41:918][  0]MemoryProfiler: OnSessionChanged
[2023.01.08-11.27.42:072][  0]LogCook: Display: CookSettings for Memory: MemoryMaxUsedVirtual 0MiB, MemoryMaxUsedPhysical 16384MiB, MemoryMinFreeVirtual 0MiB, MemoryMinFreePhysical 1024MiB
[2023.01.08-11.27.42:072][  0]LogCook: Display: Mobile HDR setting 1
[2023.01.08-11.27.42:317][  0]LogFileCache: Scanning file cache for directory 'E:/Projects/Snake/TopDown/Top-Down-Shooter/TopDownShooter/Content/' took 0.01s
[2023.01.08-11.27.42:465][  0]LogInit: Display: Engine is initialized. Leaving FEngineLoop::Init()
[2023.01.08-11.27.42:468][  0]SourceControl: Source control is disabled
[2023.01.08-11.27.42:468][  0]LogUnrealEdMisc: Loading editor; pre map load, took 7.584
[2023.01.08-11.27.42:468][  0]Cmd: MAP LOAD FILE="../../../../Projects/Snake/TopDown/Top-Down-Shooter/TopDownShooter/Content/Map/TopDownExampleMap.umap" TEMPLATE=0 SHOWPROGRESS=1 FEATURELEVEL=3
[2023.01.08-11.27.42:468][  0]LightingResults: New page: Lighting Build
[2023.01.08-11.27.42:470][  0]LogWorld: UWorld::CleanupWorld for Untitled, bSessionEnded=true, bCleanupResources=true
[2023.01.08-11.27.42:470][  0]LogSlate: InvalidateAllWidgets triggered.  All widgets were invalidated
[2023.01.08-11.27.42:470][  0]MapCheck: New page: Map Check
[2023.01.08-11.27.42:470][  0]LightingResults: New page: Lighting Build
[2023.01.08-11.27.42:481][  0]LogAudio: Display: Audio Device unregistered from world 'None'.
[2023.01.08-11.27.42:484][  0]LogUObjectHash: Compacting FUObjectHashTables data took   0.84ms
[2023.01.08-11.27.42:527][  0]LogAudio: Display: Audio Device (ID: 1) registered with world 'TopDownExampleMap'.
[2023.01.08-11.27.42:528][  0]LogAIModule: Creating AISystem for world TopDownExampleMap
[2023.01.08-11.27.42:548][  0]LogEditorServer: Finished looking for orphan Actors (0.000 secs)
[2023.01.08-11.27.42:562][  0]LogUObjectHash: Compacting FUObjectHashTables data took   0.88ms
[2023.01.08-11.27.42:563][  0]Cmd: MAP CHECKDEP NOCLEARLOG
[2023.01.08-11.27.42:563][  0]MapCheck: Map check complete: 0 Error(s), 0 Warning(s), took 0.124ms to complete.
[2023.01.08-11.27.42:563][  0]LogFileHelpers: Loading map 'TopDownExampleMap' took 0.096
[2023.01.08-11.27.42:565][  0]LogUnrealEdMisc: Total Editor Startup Time, took 7.682
[2023.01.08-11.27.42:712][  0]LogSlate: Updating window title bar state: overlay mode, drag disabled, window buttons hidden, title bar hidden
[2023.01.08-11.27.42:717][  0]LogSlate: Updating window title bar state: overlay mode, drag disabled, window buttons hidden, title bar hidden
[2023.01.08-11.27.42:722][  0]LogSlate: Updating window title bar state: overlay mode, drag disabled, window buttons hidden, title bar hidden
[2023.01.08-11.27.42:728][  0]LogSlate: Updating window title bar state: overlay mode, drag disabled, window buttons hidden, title bar hidden
[2023.01.08-11.27.42:740][  0]LogNativeClassHierarchy: Verbose: Native class hierarchy populated in 0.0093 seconds. Added 3825 classes and 932 folders.
[2023.01.08-11.27.42:744][  0]LogNativeClassHierarchy: Verbose: Native class hierarchy updated for 'WidgetCarousel' in 0.0002 seconds. Added 0 classes and 0 folders.
[2023.01.08-11.27.42:745][  0]LogPakFile: PakFile PrimaryIndexSize=191
[2023.01.08-11.27.42:745][  0]LogPakFile: PakFile PathHashIndexSize=101
[2023.01.08-11.27.42:745][  0]LogPakFile: PakFile FullDirectoryIndexSize=160
[2023.01.08-11.27.42:745][  0]LogShaderLibrary: Display: ShaderCodeLibraryPakFileMountedCallback: PakFile 'E:/UE_4.27/FeaturePacks/MobileStarterContent.upack' (chunk index -1, root 'root:/') mounted
[2023.01.08-11.27.42:745][  0]LogShaderLibrary: Display: ShaderCodeLibraryPakFileMountedCallback: pending pak file info (ChunkID:-1 Root:root:/ File:E:/UE_4.27/FeaturePacks/MobileStarterContent.upack)
[2023.01.08-11.27.42:746][  0]LogPakFile: OnPakFileMounted2Time == 0.000241
[2023.01.08-11.27.42:746][  0]LogPakFile: PakFile PrimaryIndexSize=185
[2023.01.08-11.27.42:746][  0]LogPakFile: PakFile PathHashIndexSize=101
[2023.01.08-11.27.42:746][  0]LogPakFile: PakFile FullDirectoryIndexSize=148
[2023.01.08-11.27.42:746][  0]LogShaderLibrary: Display: ShaderCodeLibraryPakFileMountedCallback: PakFile 'E:/UE_4.27/FeaturePacks/StarterContent.upack' (chunk index -1, root 'root:/') mounted
[2023.01.08-11.27.42:747][  0]LogShaderLibrary: Display: ShaderCodeLibraryPakFileMountedCallback: pending pak file info (ChunkID:-1 Root:root:/ File:E:/UE_4.27/FeaturePacks/StarterContent.upack)
[2023.01.08-11.27.42:747][  0]LogPakFile: OnPakFileMounted2Time == 0.000209
[2023.01.08-11.27.42:747][  0]LogPakFile: PakFile PrimaryIndexSize=187
[2023.01.08-11.27.42:747][  0]LogPakFile: PakFile PathHashIndexSize=101
[2023.01.08-11.27.42:747][  0]LogPakFile: PakFile FullDirectoryIndexSize=148
[2023.01.08-11.27.42:747][  0]LogShaderLibrary: Display: ShaderCodeLibraryPakFileMountedCallback: PakFile 'E:/UE_4.27/FeaturePacks/FP_FirstPerson.upack' (chunk index -1, root 'root:/') mounted
[2023.01.08-11.27.42:747][  0]LogShaderLibrary: Display: ShaderCodeLibraryPakFileMountedCallback: pending pak file info (ChunkID:-1 Root:root:/ File:E:/UE_4.27/FeaturePacks/FP_FirstPerson.upack)
[2023.01.08-11.27.42:748][  0]LogPakFile: OnPakFileMounted2Time == 0.000185
[2023.01.08-11.27.42:748][  0]LogPakFile: PakFile PrimaryIndexSize=189
[2023.01.08-11.27.42:748][  0]LogPakFile: PakFile PathHashIndexSize=101
[2023.01.08-11.27.42:748][  0]LogPakFile: PakFile FullDirectoryIndexSize=152
[2023.01.08-11.27.42:748][  0]LogShaderLibrary: Display: ShaderCodeLibraryPakFileMountedCallback: PakFile 'E:/UE_4.27/FeaturePacks/FP_FirstPersonBP.upack' (chunk index -1, root 'root:/') mounted
[2023.01.08-11.27.42:748][  0]LogShaderLibrary: Display: ShaderCodeLibraryPakFileMountedCallback: pending pak file info (ChunkID:-1 Root:root:/ File:E:/UE_4.27/FeaturePacks/FP_FirstPersonBP.upack)
[2023.01.08-11.27.42:748][  0]LogPakFile: OnPakFileMounted2Time == 0.000213
[2023.01.08-11.27.42:749][  0]LogPakFile: PakFile PrimaryIndexSize=190
[2023.01.08-11.27.42:749][  0]LogPakFile: PakFile PathHashIndexSize=101
[2023.01.08-11.27.42:749][  0]LogPakFile: PakFile FullDirectoryIndexSize=154
[2023.01.08-11.27.42:749][  0]LogShaderLibrary: Display: ShaderCodeLibraryPakFileMountedCallback: PakFile 'E:/UE_4.27/FeaturePacks/TP_2DSideScroller.upack' (chunk index -1, root 'root:/') mounted
[2023.01.08-11.27.42:749][  0]LogShaderLibrary: Display: ShaderCodeLibraryPakFileMountedCallback: pending pak file info (ChunkID:-1 Root:root:/ File:E:/UE_4.27/FeaturePacks/TP_2DSideScroller.upack)
[2023.01.08-11.27.42:749][  0]LogPakFile: OnPakFileMounted2Time == 0.000194
[2023.01.08-11.27.42:750][  0]LogPakFile: PakFile PrimaryIndexSize=192
[2023.01.08-11.27.42:750][  0]LogPakFile: PakFile PathHashIndexSize=101
[2023.01.08-11.27.42:750][  0]LogPakFile: PakFile FullDirectoryIndexSize=158
[2023.01.08-11.27.42:750][  0]LogShaderLibrary: Display: ShaderCodeLibraryPakFileMountedCallback: PakFile 'E:/UE_4.27/FeaturePacks/TP_2DSideScrollerBP.upack' (chunk index -1, root 'root:/') mounted
[2023.01.08-11.27.42:750][  0]LogShaderLibrary: Display: ShaderCodeLibraryPakFileMountedCallback: pending pak file info (ChunkID:-1 Root:root:/ File:E:/UE_4.27/FeaturePacks/TP_2DSideScrollerBP.upack)
[2023.01.08-11.27.42:750][  0]LogPakFile: OnPakFileMounted2Time == 0.000205
[2023.01.08-11.27.42:751][  0]LogPakFile: PakFile PrimaryIndexSize=182
[2023.01.08-11.27.42:751][  0]LogPakFile: PakFile PathHashIndexSize=101
[2023.01.08-11.27.42:751][  0]LogPakFile: PakFile FullDirectoryIndexSize=138
[2023.01.08-11.27.42:751][  0]LogShaderLibrary: Display: ShaderCodeLibraryPakFileMountedCallback: PakFile 'E:/UE_4.27/FeaturePacks/TP_Flying.upack' (chunk index -1, root 'root:/') mounted
[2023.01.08-11.27.42:751][  0]LogShaderLibrary: Display: ShaderCodeLibraryPakFileMountedCallback: pending pak file info (ChunkID:-1 Root:root:/ File:E:/UE_4.27/FeaturePacks/TP_Flying.upack)
[2023.01.08-11.27.42:751][  0]LogPakFile: OnPakFileMounted2Time == 0.000230
[2023.01.08-11.27.42:752][  0]LogPakFile: PakFile PrimaryIndexSize=184
[2023.01.08-11.27.42:753][  0]LogPakFile: PakFile PathHashIndexSize=101
[2023.01.08-11.27.42:753][  0]LogPakFile: PakFile FullDirectoryIndexSize=142
[2023.01.08-11.27.42:753][  0]LogShaderLibrary: Display: ShaderCodeLibraryPakFileMountedCallback: PakFile 'E:/UE_4.27/FeaturePacks/TP_FlyingBP.upack' (chunk index -1, root 'root:/') mounted
[2023.01.08-11.27.42:753][  0]LogShaderLibrary: Display: ShaderCodeLibraryPakFileMountedCallback: pending pak file info (ChunkID:-1 Root:root:/ File:E:/UE_4.27/FeaturePacks/TP_FlyingBP.upack)
[2023.01.08-11.27.42:753][  0]LogPakFile: OnPakFileMounted2Time == 0.000221
[2023.01.08-11.27.42:753][  0]LogPakFile: PakFile PrimaryIndexSize=188
[2023.01.08-11.27.42:753][  0]LogPakFile: PakFile PathHashIndexSize=101
[2023.01.08-11.27.42:753][  0]LogPakFile: PakFile FullDirectoryIndexSize=150
[2023.01.08-11.27.42:754][  0]LogShaderLibrary: Display: ShaderCodeLibraryPakFileMountedCallback: PakFile 'E:/UE_4.27/FeaturePacks/TP_HandheldARBP.upack' (chunk index -1, root 'root:/') mounted
[2023.01.08-11.27.42:754][  0]LogShaderLibrary: Display: ShaderCodeLibraryPakFileMountedCallback: pending pak file info (ChunkID:-1 Root:root:/ File:E:/UE_4.27/FeaturePacks/TP_HandheldARBP.upack)
[2023.01.08-11.27.42:754][  0]LogPakFile: OnPakFileMounted2Time == 0.000164
[2023.01.08-11.27.42:754][  0]LogPakFile: PakFile PrimaryIndexSize=182
[2023.01.08-11.27.42:754][  0]LogPakFile: PakFile PathHashIndexSize=101
[2023.01.08-11.27.42:754][  0]LogPakFile: PakFile FullDirectoryIndexSize=138
[2023.01.08-11.27.42:755][  0]LogShaderLibrary: Display: ShaderCodeLibraryPakFileMountedCallback: PakFile 'E:/UE_4.27/FeaturePacks/TP_Puzzle.upack' (chunk index -1, root 'root:/') mounted
[2023.01.08-11.27.42:755][  0]LogShaderLibrary: Display: ShaderCodeLibraryPakFileMountedCallback: pending pak file info (ChunkID:-1 Root:root:/ File:E:/UE_4.27/FeaturePacks/TP_Puzzle.upack)
[2023.01.08-11.27.42:755][  0]LogPakFile: OnPakFileMounted2Time == 0.000184
[2023.01.08-11.27.42:755][  0]LogPakFile: PakFile PrimaryIndexSize=184
[2023.01.08-11.27.42:755][  0]LogPakFile: PakFile PathHashIndexSize=101
[2023.01.08-11.27.42:755][  0]LogPakFile: PakFile FullDirectoryIndexSize=142
[2023.01.08-11.27.42:755][  0]LogShaderLibrary: Display: ShaderCodeLibraryPakFileMountedCallback: PakFile 'E:/UE_4.27/FeaturePacks/TP_PuzzleBP.upack' (chunk index -1, root 'root:/') mounted
[2023.01.08-11.27.42:756][  0]LogShaderLibrary: Display: ShaderCodeLibraryPakFileMountedCallback: pending pak file info (ChunkID:-1 Root:root:/ File:E:/UE_4.27/FeaturePacks/TP_PuzzleBP.upack)
[2023.01.08-11.27.42:756][  0]LogPakFile: OnPakFileMounted2Time == 0.000194
[2023.01.08-11.27.42:756][  0]LogPakFile: PakFile PrimaryIndexSize=183
[2023.01.08-11.27.42:756][  0]LogPakFile: PakFile PathHashIndexSize=101
[2023.01.08-11.27.42:756][  0]LogPakFile: PakFile FullDirectoryIndexSize=140
[2023.01.08-11.27.42:756][  0]LogShaderLibrary: Display: ShaderCodeLibraryPakFileMountedCallback: PakFile 'E:/UE_4.27/FeaturePacks/TP_Rolling.upack' (chunk index -1, root 'root:/') mounted
[2023.01.08-11.27.42:757][  0]LogShaderLibrary: Display: ShaderCodeLibraryPakFileMountedCallback: pending pak file info (ChunkID:-1 Root:root:/ File:E:/UE_4.27/FeaturePacks/TP_Rolling.upack)
[2023.01.08-11.27.42:757][  0]LogPakFile: OnPakFileMounted2Time == 0.000234
[2023.01.08-11.27.42:757][  0]LogPakFile: PakFile PrimaryIndexSize=185
[2023.01.08-11.27.42:757][  0]LogPakFile: PakFile PathHashIndexSize=101
[2023.01.08-11.27.42:757][  0]LogPakFile: PakFile FullDirectoryIndexSize=144
[2023.01.08-11.27.42:757][  0]LogShaderLibrary: Display: ShaderCodeLibraryPakFileMountedCallback: PakFile 'E:/UE_4.27/FeaturePacks/TP_RollingBP.upack' (chunk index -1, root 'root:/') mounted
[2023.01.08-11.27.42:758][  0]LogShaderLibrary: Display: ShaderCodeLibraryPakFileMountedCallback: pending pak file info (ChunkID:-1 Root:root:/ File:E:/UE_4.27/FeaturePacks/TP_RollingBP.upack)
[2023.01.08-11.27.42:758][  0]LogPakFile: OnPakFileMounted2Time == 0.000213
[2023.01.08-11.27.42:758][  0]LogPakFile: PakFile PrimaryIndexSize=188
[2023.01.08-11.27.42:758][  0]LogPakFile: PakFile PathHashIndexSize=101
[2023.01.08-11.27.42:758][  0]LogPakFile: PakFile FullDirectoryIndexSize=150
[2023.01.08-11.27.42:758][  0]LogShaderLibrary: Display: ShaderCodeLibraryPakFileMountedCallback: PakFile 'E:/UE_4.27/FeaturePacks/TP_SideScroller.upack' (chunk index -1, root 'root:/') mounted
[2023.01.08-11.27.42:759][  0]LogShaderLibrary: Display: ShaderCodeLibraryPakFileMountedCallback: pending pak file info (ChunkID:-1 Root:root:/ File:E:/UE_4.27/FeaturePacks/TP_SideScroller.upack)
[2023.01.08-11.27.42:759][  0]LogPakFile: OnPakFileMounted2Time == 0.000190
[2023.01.08-11.27.42:759][  0]LogPakFile: PakFile PrimaryIndexSize=190
[2023.01.08-11.27.42:759][  0]LogPakFile: PakFile PathHashIndexSize=101
[2023.01.08-11.27.42:759][  0]LogPakFile: PakFile FullDirectoryIndexSize=154
[2023.01.08-11.27.42:759][  0]LogShaderLibrary: Display: ShaderCodeLibraryPakFileMountedCallback: PakFile 'E:/UE_4.27/FeaturePacks/TP_SideScrollerBP.upack' (chunk index -1, root 'root:/') mounted
[2023.01.08-11.27.42:760][  0]LogShaderLibrary: Display: ShaderCodeLibraryPakFileMountedCallback: pending pak file info (ChunkID:-1 Root:root:/ File:E:/UE_4.27/FeaturePacks/TP_SideScrollerBP.upack)
[2023.01.08-11.27.42:760][  0]LogPakFile: OnPakFileMounted2Time == 0.000202
[2023.01.08-11.27.42:760][  0]LogPakFile: PakFile PrimaryIndexSize=187
[2023.01.08-11.27.42:760][  0]LogPakFile: PakFile PathHashIndexSize=101
[2023.01.08-11.27.42:760][  0]LogPakFile: PakFile FullDirectoryIndexSize=148
[2023.01.08-11.27.42:760][  0]LogShaderLibrary: Display: ShaderCodeLibraryPakFileMountedCallback: PakFile 'E:/UE_4.27/FeaturePacks/TP_ThirdPerson.upack' (chunk index -1, root 'root:/') mounted
[2023.01.08-11.27.42:760][  0]LogShaderLibrary: Display: ShaderCodeLibraryPakFileMountedCallback: pending pak file info (ChunkID:-1 Root:root:/ File:E:/UE_4.27/FeaturePacks/TP_ThirdPerson.upack)
[2023.01.08-11.27.42:761][  0]LogPakFile: OnPakFileMounted2Time == 0.000179
[2023.01.08-11.27.42:761][  0]LogPakFile: PakFile PrimaryIndexSize=189
[2023.01.08-11.27.42:761][  0]LogPakFile: PakFile PathHashIndexSize=101
[2023.01.08-11.27.42:761][  0]LogPakFile: PakFile FullDirectoryIndexSize=152
[2023.01.08-11.27.42:761][  0]LogShaderLibrary: Display: ShaderCodeLibraryPakFileMountedCallback: PakFile 'E:/UE_4.27/FeaturePacks/TP_ThirdPersonBP.upack' (chunk index -1, root 'root:/') mounted
[2023.01.08-11.27.42:761][  0]LogShaderLibrary: Display: ShaderCodeLibraryPakFileMountedCallback: pending pak file info (ChunkID:-1 Root:root:/ File:E:/UE_4.27/FeaturePacks/TP_ThirdPersonBP.upack)
[2023.01.08-11.27.42:761][  0]LogPakFile: OnPakFileMounted2Time == 0.000184
[2023.01.08-11.27.42:762][  0]LogPakFile: PakFile PrimaryIndexSize=183
[2023.01.08-11.27.42:762][  0]LogPakFile: PakFile PathHashIndexSize=101
[2023.01.08-11.27.42:762][  0]LogPakFile: PakFile FullDirectoryIndexSize=140
[2023.01.08-11.27.42:762][  0]LogShaderLibrary: Display: ShaderCodeLibraryPakFileMountedCallback: PakFile 'E:/UE_4.27/FeaturePacks/TP_TopDown.upack' (chunk index -1, root 'root:/') mounted
[2023.01.08-11.27.42:762][  0]LogShaderLibrary: Display: ShaderCodeLibraryPakFileMountedCallback: pending pak file info (ChunkID:-1 Root:root:/ File:E:/UE_4.27/FeaturePacks/TP_TopDown.upack)
[2023.01.08-11.27.42:762][  0]LogPakFile: OnPakFileMounted2Time == 0.000198
[2023.01.08-11.27.42:763][  0]LogPakFile: PakFile PrimaryIndexSize=185
[2023.01.08-11.27.42:763][  0]LogPakFile: PakFile PathHashIndexSize=101
[2023.01.08-11.27.42:763][  0]LogPakFile: PakFile FullDirectoryIndexSize=144
[2023.01.08-11.27.42:763][  0]LogShaderLibrary: Display: ShaderCodeLibraryPakFileMountedCallback: PakFile 'E:/UE_4.27/FeaturePacks/TP_TopDownBP.upack' (chunk index -1, root 'root:/') mounted
[2023.01.08-11.27.42:763][  0]LogShaderLibrary: Display: ShaderCodeLibraryPakFileMountedCallback: pending pak file info (ChunkID:-1 Root:root:/ File:E:/UE_4.27/FeaturePacks/TP_TopDownBP.upack)
[2023.01.08-11.27.42:763][  0]LogPakFile: OnPakFileMounted2Time == 0.000199
[2023.01.08-11.27.42:764][  0]LogPakFile: PakFile PrimaryIndexSize=185
[2023.01.08-11.27.42:764][  0]LogPakFile: PakFile PathHashIndexSize=101
[2023.01.08-11.27.42:764][  0]LogPakFile: PakFile FullDirectoryIndexSize=144
[2023.01.08-11.27.42:764][  0]LogShaderLibrary: Display: ShaderCodeLibraryPakFileMountedCallback: PakFile 'E:/UE_4.27/FeaturePacks/TP_TwinStick.upack' (chunk index -1, root 'root:/') mounted
[2023.01.08-11.27.42:764][  0]LogShaderLibrary: Display: ShaderCodeLibraryPakFileMountedCallback: pending pak file info (ChunkID:-1 Root:root:/ File:E:/UE_4.27/FeaturePacks/TP_TwinStick.upack)
[2023.01.08-11.27.42:764][  0]LogPakFile: OnPakFileMounted2Time == 0.000179
[2023.01.08-11.27.42:765][  0]LogPakFile: PakFile PrimaryIndexSize=187
[2023.01.08-11.27.42:765][  0]LogPakFile: PakFile PathHashIndexSize=101
[2023.01.08-11.27.42:765][  0]LogPakFile: PakFile FullDirectoryIndexSize=148
[2023.01.08-11.27.42:765][  0]LogShaderLibrary: Display: ShaderCodeLibraryPakFileMountedCallback: PakFile 'E:/UE_4.27/FeaturePacks/TP_TwinStickBP.upack' (chunk index -1, root 'root:/') mounted
[2023.01.08-11.27.42:765][  0]LogShaderLibrary: Display: ShaderCodeLibraryPakFileMountedCallback: pending pak file info (ChunkID:-1 Root:root:/ File:E:/UE_4.27/FeaturePacks/TP_TwinStickBP.upack)
[2023.01.08-11.27.42:765][  0]LogPakFile: OnPakFileMounted2Time == 0.000197
[2023.01.08-11.27.42:766][  0]LogPakFile: PakFile PrimaryIndexSize=183
[2023.01.08-11.27.42:766][  0]LogPakFile: PakFile PathHashIndexSize=101
[2023.01.08-11.27.42:766][  0]LogPakFile: PakFile FullDirectoryIndexSize=140
[2023.01.08-11.27.42:766][  0]LogShaderLibrary: Display: ShaderCodeLibraryPakFileMountedCallback: PakFile 'E:/UE_4.27/FeaturePacks/TP_Vehicle.upack' (chunk index -1, root 'root:/') mounted
[2023.01.08-11.27.42:766][  0]LogShaderLibrary: Display: ShaderCodeLibraryPakFileMountedCallback: pending pak file info (ChunkID:-1 Root:root:/ File:E:/UE_4.27/FeaturePacks/TP_Vehicle.upack)
[2023.01.08-11.27.42:766][  0]LogPakFile: OnPakFileMounted2Time == 0.000206
[2023.01.08-11.27.42:767][  0]LogPakFile: PakFile PrimaryIndexSize=186
[2023.01.08-11.27.42:768][  0]LogPakFile: PakFile PathHashIndexSize=101
[2023.01.08-11.27.42:768][  0]LogPakFile: PakFile FullDirectoryIndexSize=146
[2023.01.08-11.27.42:768][  0]LogShaderLibrary: Display: ShaderCodeLibraryPakFileMountedCallback: PakFile 'E:/UE_4.27/FeaturePacks/TP_VehicleAdv.upack' (chunk index -1, root 'root:/') mounted
[2023.01.08-11.27.42:768][  0]LogShaderLibrary: Display: ShaderCodeLibraryPakFileMountedCallback: pending pak file info (ChunkID:-1 Root:root:/ File:E:/UE_4.27/FeaturePacks/TP_VehicleAdv.upack)
[2023.01.08-11.27.42:768][  0]LogPakFile: OnPakFileMounted2Time == 0.000202
[2023.01.08-11.27.42:768][  0]LogPakFile: PakFile PrimaryIndexSize=188
[2023.01.08-11.27.42:768][  0]LogPakFile: PakFile PathHashIndexSize=101
[2023.01.08-11.27.42:768][  0]LogPakFile: PakFile FullDirectoryIndexSize=150
[2023.01.08-11.27.42:768][  0]LogShaderLibrary: Display: ShaderCodeLibraryPakFileMountedCallback: PakFile 'E:/UE_4.27/FeaturePacks/TP_VehicleAdvBP.upack' (chunk index -1, root 'root:/') mounted
[2023.01.08-11.27.42:768][  0]LogShaderLibrary: Display: ShaderCodeLibraryPakFileMountedCallback: pending pak file info (ChunkID:-1 Root:root:/ File:E:/UE_4.27/FeaturePacks/TP_VehicleAdvBP.upack)
[2023.01.08-11.27.42:768][  0]LogPakFile: OnPakFileMounted2Time == 0.000188
[2023.01.08-11.27.42:769][  0]LogPakFile: PakFile PrimaryIndexSize=185
[2023.01.08-11.27.42:769][  0]LogPakFile: PakFile PathHashIndexSize=101
[2023.01.08-11.27.42:769][  0]LogPakFile: PakFile FullDirectoryIndexSize=144
[2023.01.08-11.27.42:769][  0]LogShaderLibrary: Display: ShaderCodeLibraryPakFileMountedCallback: PakFile 'E:/UE_4.27/FeaturePacks/TP_VehicleBP.upack' (chunk index -1, root 'root:/') mounted
[2023.01.08-11.27.42:769][  0]LogShaderLibrary: Display: ShaderCodeLibraryPakFileMountedCallback: pending pak file info (ChunkID:-1 Root:root:/ File:E:/UE_4.27/FeaturePacks/TP_VehicleBP.upack)
[2023.01.08-11.27.42:769][  0]LogPakFile: OnPakFileMounted2Time == 0.000181
[2023.01.08-11.27.42:770][  0]LogPakFile: PakFile PrimaryIndexSize=192
[2023.01.08-11.27.42:770][  0]LogPakFile: PakFile PathHashIndexSize=101
[2023.01.08-11.27.42:770][  0]LogPakFile: PakFile FullDirectoryIndexSize=158
[2023.01.08-11.27.42:770][  0]LogShaderLibrary: Display: ShaderCodeLibraryPakFileMountedCallback: PakFile 'E:/UE_4.27/FeaturePacks/TP_VirtualRealityBP.upack' (chunk index -1, root 'root:/') mounted
[2023.01.08-11.27.42:770][  0]LogShaderLibrary: Display: ShaderCodeLibraryPakFileMountedCallback: pending pak file info (ChunkID:-1 Root:root:/ File:E:/UE_4.27/FeaturePacks/TP_VirtualRealityBP.upack)
[2023.01.08-11.27.42:770][  0]LogPakFile: OnPakFileMounted2Time == 0.000182
[2023.01.08-11.27.42:803][  0]LogNativeClassHierarchy: Verbose: Native class hierarchy updated for 'AddContentDialog' in 0.0003 seconds. Added 0 classes and 0 folders.
[2023.01.08-11.27.42:891][  0]LogSlate: Took 0.000161 seconds to synchronously load lazily loaded font '../../../Engine/Content/Slate/Fonts/Roboto-Regular.ttf' (155K)
[2023.01.08-11.27.42:892][  0]LogSlate: Took 0.000092 seconds to synchronously load lazily loaded font '../../../Engine/Content/Editor/Slate/Fonts/FontAwesome.ttf' (139K)
[2023.01.08-11.27.42:895][  0]LogSlate: Took 0.000108 seconds to synchronously load lazily loaded font '../../../Engine/Content/Slate/Fonts/Roboto-Bold.ttf' (160K)
[2023.01.08-11.27.42:957][  0]LogRenderer: Reallocating scene render targets to support 1224x568 Format 10 NumSamples 1 (Frame:1).
[2023.01.08-11.27.43:000][  0]LogSlate: Took 0.000111 seconds to synchronously load lazily loaded font '../../../Engine/Content/Slate/Fonts/Roboto-Light.ttf' (167K)
[2023.01.08-11.27.43:037][  0]LogNativeClassHierarchy: Verbose: Native class hierarchy updated for 'HierarchicalLODOutliner' in 0.0003 seconds. Added 0 classes and 0 folders.
[2023.01.08-11.27.43:037][  0]LogInput: Warning: Action SetDestination uses invalid key OculusGo_Left_Trigger_Click.
[2023.01.08-11.27.43:038][  0]LogInput: Warning: Action ResetVR uses invalid key OculusGo_Left_Back_Click.
[2023.01.08-11.27.43:038][  0]LogInput: Warning: Use -RemoveInvalidKeys to remove instances of these keys from the action mapping.
[2023.01.08-11.27.43:038][  0]LogLoad: (Engine Initialization) Total time: 8.16 seconds
[2023.01.08-11.27.43:038][  0]LogLoad: (Engine Initialization) Total Blueprint compile time: 0.00 seconds
[2023.01.08-11.27.43:077][  0]LogAssetRegistry: Asset discovery search completed in 4.7967 seconds
[2023.01.08-11.27.43:081][  0]LogCollectionManager: Fixed up redirectors for 0 collections in 0.000003 seconds (updated 0 objects)
[2023.01.08-11.27.43:083][  0]LogContentStreaming: Texture pool size now 1000 MB
